[07-Feb-2018 22:51:59 UTC] PHP Parse error:  syntax error, unexpected 'echo' (T_ECHO) in /home/ubuntu/workspace/nowens336/practice/randomColor.php on line 17
[07-Feb-2018 22:52:00 UTC] PHP Parse error:  syntax error, unexpected 'echo' (T_ECHO) in /home/ubuntu/workspace/nowens336/practice/randomColor.php on line 17
[07-Feb-2018 22:52:14 UTC] PHP Parse error:  syntax error, unexpected 'echo' (T_ECHO) in /home/ubuntu/workspace/nowens336/practice/randomColor.php on line 17
[07-Feb-2018 22:52:15 UTC] PHP Parse error:  syntax error, unexpected 'echo' (T_ECHO) in /home/ubuntu/workspace/nowens336/practice/randomColor.php on line 17
[07-Feb-2018 22:52:36 UTC] PHP Parse error:  syntax error, unexpected 'echo' (T_ECHO) in /home/ubuntu/workspace/nowens336/practice/randomColor.php on line 17
[07-Feb-2018 22:52:37 UTC] PHP Parse error:  syntax error, unexpected 'echo' (T_ECHO) in /home/ubuntu/workspace/nowens336/practice/randomColor.php on line 17
[12-Feb-2018 22:33:19 UTC] PHP Parse error:  syntax error, unexpected 'print_r' (T_STRING) in /home/ubuntu/workspace/nowens336/practice/php_arrays.php on line 12
[12-Feb-2018 22:53:44 UTC] PHP Fatal error:  Call to undefined function displayFunction() in /home/ubuntu/workspace/nowens336/practice/php_arrays.php on line 18
[12-Feb-2018 22:53:44 UTC] PHP Stack trace:
[12-Feb-2018 22:53:44 UTC] PHP   1. {main}() /home/ubuntu/workspace/nowens336/practice/php_arrays.php:0
[12-Feb-2018 22:59:41 UTC] PHP Fatal error:  Call to undefined function displayFunction() in /home/ubuntu/workspace/nowens336/practice/php_arrays.php on line 18
[12-Feb-2018 22:59:41 UTC] PHP Stack trace:
[12-Feb-2018 22:59:41 UTC] PHP   1. {main}() /home/ubuntu/workspace/nowens336/practice/php_arrays.php:0
[12-Feb-2018 22:59:48 UTC] PHP Fatal error:  Call to undefined function displayFunction() in /home/ubuntu/workspace/nowens336/practice/php_arrays.php on line 18
[12-Feb-2018 22:59:48 UTC] PHP Stack trace:
[12-Feb-2018 22:59:48 UTC] PHP   1. {main}() /home/ubuntu/workspace/nowens336/practice/php_arrays.php:0
[12-Feb-2018 22:59:48 UTC] PHP Fatal error:  Call to undefined function displayFunction() in /home/ubuntu/workspace/nowens336/practice/php_arrays.php on line 18
[12-Feb-2018 22:59:48 UTC] PHP Stack trace:
[12-Feb-2018 22:59:48 UTC] PHP   1. {main}() /home/ubuntu/workspace/nowens336/practice/php_arrays.php:0
[12-Feb-2018 22:59:56 UTC] PHP Fatal error:  Call to undefined function displayFunction() in /home/ubuntu/workspace/nowens336/practice/php_arrays.php on line 18
[12-Feb-2018 22:59:56 UTC] PHP Stack trace:
[12-Feb-2018 22:59:56 UTC] PHP   1. {main}() /home/ubuntu/workspace/nowens336/practice/php_arrays.php:0
[12-Feb-2018 23:00:44 UTC] PHP Fatal error:  Call to undefined function displayFunction() in /home/ubuntu/workspace/nowens336/practice/php_arrays.php on line 18
[12-Feb-2018 23:00:44 UTC] PHP Stack trace:
[12-Feb-2018 23:00:44 UTC] PHP   1. {main}() /home/ubuntu/workspace/nowens336/practice/php_arrays.php:0
[12-Feb-2018 23:13:05 UTC] PHP Parse error:  syntax error, unexpected '<' in /home/ubuntu/workspace/nowens336/practice/php_arrays.php on line 27
[19-Feb-2018 23:30:28 UTC] PHP Parse error:  syntax error, unexpected '[', expecting '(' in /home/ubuntu/workspace/nowens336/Challenge/password.php on line 3
[19-Feb-2018 23:41:33 UTC] PHP Parse error:  syntax error, unexpected '<' in /home/ubuntu/workspace/nowens336/Challenge/password.php on line 35
[19-Feb-2018 23:47:29 UTC] PHP Parse error:  syntax error, unexpected 'echo' (T_ECHO), expecting ',' or ';' in /home/ubuntu/workspace/nowens336/Challenge/password.php on line 33
[19-Feb-2018 23:50:20 UTC] PHP Parse error:  syntax error, unexpected 'getLetter' (T_STRING), expecting ',' or ';' in /home/ubuntu/workspace/nowens336/Challenge/password.php on line 33
[19-Feb-2018 23:50:37 UTC] PHP Parse error:  syntax error, unexpected '"</td>"' (T_CONSTANT_ENCAPSED_STRING), expecting ',' or ';' in /home/ubuntu/workspace/nowens336/Challenge/password.php on line 33
