[05-Feb-2018 23:34:22 UTC] PHP Parse error:  syntax error, unexpected 'displaySymbol' (T_STRING) in /home/ubuntu/workspace/nowens336/portfolio/lab2/index.php on line 31
[05-Feb-2018 23:35:22 UTC] PHP Parse error:  syntax error, unexpected 'displaySymbol' (T_STRING) in /home/ubuntu/workspace/nowens336/portfolio/lab2/index.php on line 31
[18-Feb-2018 06:18:18 UTC] PHP Parse error:  syntax error, unexpected '++' (T_INC), expecting ')' in /home/ubuntu/workspace/nowens336/portfolio/lab2/index.php on line 59
[18-Feb-2018 06:42:25 UTC] PHP Parse error:  syntax error, unexpected 'displaySymbol' (T_STRING) in /home/ubuntu/workspace/nowens336/portfolio/lab2/index.1.php on line 10
[18-Feb-2018 06:43:50 UTC] PHP Parse error:  syntax error, unexpected 'displaySymbol' (T_STRING) in /home/ubuntu/workspace/nowens336/portfolio/lab2/index.1.php on line 10
[18-Feb-2018 06:47:03 UTC] PHP Parse error:  syntax error, unexpected ''>";' (T_ENCAPSED_AND_WHITESPACE), expecting ',' or ';' in /home/ubuntu/workspace/nowens336/portfolio/lab2/index.1.php on line 26
[18-Feb-2018 06:47:20 UTC] PHP Parse error:  syntax error, unexpected '"'>"' (T_CONSTANT_ENCAPSED_STRING), expecting ',' or ';' in /home/ubuntu/workspace/nowens336/portfolio/lab2/index.1.php on line 26
[18-Feb-2018 07:02:34 UTC] PHP Warning:  include(function.php): failed to open stream: No such file or directory in /home/ubuntu/workspace/nowens336/portfolio/lab2/index.1.php on line 9
[18-Feb-2018 07:02:34 UTC] PHP Stack trace:
[18-Feb-2018 07:02:34 UTC] PHP   1. {main}() /home/ubuntu/workspace/nowens336/portfolio/lab2/index.1.php:0
[18-Feb-2018 07:02:34 UTC] PHP Warning:  include(): Failed opening 'function.php' for inclusion (include_path='.:/usr/share/php:/usr/share/pear') in /home/ubuntu/workspace/nowens336/portfolio/lab2/index.1.php on line 9
[18-Feb-2018 07:02:34 UTC] PHP Stack trace:
[18-Feb-2018 07:02:34 UTC] PHP   1. {main}() /home/ubuntu/workspace/nowens336/portfolio/lab2/index.1.php:0
[18-Feb-2018 07:02:34 UTC] PHP Fatal error:  Call to undefined function displaySymbol() in /home/ubuntu/workspace/nowens336/portfolio/lab2/index.1.php on line 55
[18-Feb-2018 07:02:34 UTC] PHP Stack trace:
[18-Feb-2018 07:02:34 UTC] PHP   1. {main}() /home/ubuntu/workspace/nowens336/portfolio/lab2/index.1.php:0
[18-Feb-2018 07:03:33 UTC] PHP Warning:  include(inc/function.php): failed to open stream: No such file or directory in /home/ubuntu/workspace/nowens336/portfolio/lab2/index.1.php on line 9
[18-Feb-2018 07:03:33 UTC] PHP Stack trace:
[18-Feb-2018 07:03:33 UTC] PHP   1. {main}() /home/ubuntu/workspace/nowens336/portfolio/lab2/index.1.php:0
[18-Feb-2018 07:03:33 UTC] PHP Warning:  include(): Failed opening 'inc/function.php' for inclusion (include_path='.:/usr/share/php:/usr/share/pear') in /home/ubuntu/workspace/nowens336/portfolio/lab2/index.1.php on line 9
[18-Feb-2018 07:03:33 UTC] PHP Stack trace:
[18-Feb-2018 07:03:33 UTC] PHP   1. {main}() /home/ubuntu/workspace/nowens336/portfolio/lab2/index.1.php:0
[18-Feb-2018 07:03:33 UTC] PHP Fatal error:  Call to undefined function displaySymbol() in /home/ubuntu/workspace/nowens336/portfolio/lab2/index.1.php on line 55
[18-Feb-2018 07:03:33 UTC] PHP Stack trace:
[18-Feb-2018 07:03:33 UTC] PHP   1. {main}() /home/ubuntu/workspace/nowens336/portfolio/lab2/index.1.php:0
[18-Feb-2018 07:04:35 UTC] PHP Fatal error:  Call to undefined function displaySymbol() in /home/ubuntu/workspace/nowens336/portfolio/lab2/index.1.php on line 55
[18-Feb-2018 07:04:35 UTC] PHP Stack trace:
[18-Feb-2018 07:04:35 UTC] PHP   1. {main}() /home/ubuntu/workspace/nowens336/portfolio/lab2/index.1.php:0
[18-Feb-2018 07:05:57 UTC] PHP Fatal error:  Cannot redeclare play() (previously declared in /home/ubuntu/workspace/nowens336/portfolio/lab2/index.1.php:52) in /home/ubuntu/workspace/nowens336/portfolio/lab2/inc/functions.php on line 38
[18-Feb-2018 07:05:57 UTC] PHP Stack trace:
[18-Feb-2018 07:05:57 UTC] PHP   1. {main}() /home/ubuntu/workspace/nowens336/portfolio/lab2/index.1.php:0
[18-Feb-2018 07:13:16 UTC] PHP Parse error:  syntax error, unexpected ',' in /home/ubuntu/workspace/nowens336/portfolio/lab2/inc/functions.php on line 41
[18-Feb-2018 07:13:16 UTC] PHP Stack trace:
[18-Feb-2018 07:13:16 UTC] PHP   1. {main}() /home/ubuntu/workspace/nowens336/portfolio/lab2/index.1.php:0
[21-Feb-2018 23:27:51 UTC] PHP Warning:  include(api/pixabayAPI.php): failed to open stream: No such file or directory in /home/ubuntu/workspace/nowens336/portfolio/Lab4/index.php on line 7
[21-Feb-2018 23:27:51 UTC] PHP Stack trace:
[21-Feb-2018 23:27:51 UTC] PHP   1. {main}() /home/ubuntu/workspace/nowens336/portfolio/Lab4/index.php:0
[21-Feb-2018 23:27:51 UTC] PHP Warning:  include(): Failed opening 'api/pixabayAPI.php' for inclusion (include_path='.:/usr/share/php:/usr/share/pear') in /home/ubuntu/workspace/nowens336/portfolio/Lab4/index.php on line 7
[21-Feb-2018 23:27:51 UTC] PHP Stack trace:
[21-Feb-2018 23:27:51 UTC] PHP   1. {main}() /home/ubuntu/workspace/nowens336/portfolio/Lab4/index.php:0
[21-Feb-2018 23:27:51 UTC] PHP Fatal error:  Call to undefined function getImageURLs() in /home/ubuntu/workspace/nowens336/portfolio/Lab4/index.php on line 9
[21-Feb-2018 23:27:51 UTC] PHP Stack trace:
[21-Feb-2018 23:27:51 UTC] PHP   1. {main}() /home/ubuntu/workspace/nowens336/portfolio/Lab4/index.php:0
[21-Feb-2018 23:27:58 UTC] PHP Warning:  include(api/pixabayAPI.php): failed to open stream: No such file or directory in /home/ubuntu/workspace/nowens336/portfolio/Lab4/index.php on line 7
[21-Feb-2018 23:27:58 UTC] PHP Stack trace:
[21-Feb-2018 23:27:58 UTC] PHP   1. {main}() /home/ubuntu/workspace/nowens336/portfolio/Lab4/index.php:0
[21-Feb-2018 23:27:58 UTC] PHP Warning:  include(): Failed opening 'api/pixabayAPI.php' for inclusion (include_path='.:/usr/share/php:/usr/share/pear') in /home/ubuntu/workspace/nowens336/portfolio/Lab4/index.php on line 7
[21-Feb-2018 23:27:58 UTC] PHP Stack trace:
[21-Feb-2018 23:27:58 UTC] PHP   1. {main}() /home/ubuntu/workspace/nowens336/portfolio/Lab4/index.php:0
[21-Feb-2018 23:27:58 UTC] PHP Fatal error:  Call to undefined function getImageURLs() in /home/ubuntu/workspace/nowens336/portfolio/Lab4/index.php on line 9
[21-Feb-2018 23:27:58 UTC] PHP Stack trace:
[21-Feb-2018 23:27:58 UTC] PHP   1. {main}() /home/ubuntu/workspace/nowens336/portfolio/Lab4/index.php:0
[21-Feb-2018 23:43:21 UTC] PHP Warning:  include(api/pixabayAPI.php): failed to open stream: No such file or directory in /home/ubuntu/workspace/nowens336/portfolio/Lab4/index.php on line 7
[21-Feb-2018 23:43:21 UTC] PHP Stack trace:
[21-Feb-2018 23:43:21 UTC] PHP   1. {main}() /home/ubuntu/workspace/nowens336/portfolio/Lab4/index.php:0
[21-Feb-2018 23:43:21 UTC] PHP Warning:  include(): Failed opening 'api/pixabayAPI.php' for inclusion (include_path='.:/usr/share/php:/usr/share/pear') in /home/ubuntu/workspace/nowens336/portfolio/Lab4/index.php on line 7
[21-Feb-2018 23:43:21 UTC] PHP Stack trace:
[21-Feb-2018 23:43:21 UTC] PHP   1. {main}() /home/ubuntu/workspace/nowens336/portfolio/Lab4/index.php:0
[21-Feb-2018 23:43:21 UTC] PHP Fatal error:  Call to undefined function getImageURLs() in /home/ubuntu/workspace/nowens336/portfolio/Lab4/index.php on line 9
[21-Feb-2018 23:43:21 UTC] PHP Stack trace:
[21-Feb-2018 23:43:21 UTC] PHP   1. {main}() /home/ubuntu/workspace/nowens336/portfolio/Lab4/index.php:0
[04-Mar-2018 05:08:01 UTC] PHP Parse error:  syntax error, unexpected end of file in /home/ubuntu/workspace/nowens336/portfolio/Lab4/index.php on line 144
