[09-May-2018 08:28:35 UTC] PHP Warning:  include(dbConnection.php): failed to open stream: No such file or directory in /home/ubuntu/workspace/nowens336/finalproject/api/getTotalLocations.php on line 2
[09-May-2018 08:28:35 UTC] PHP Stack trace:
[09-May-2018 08:28:35 UTC] PHP   1. {main}() /home/ubuntu/workspace/nowens336/finalproject/api/getTotalLocations.php:0
[09-May-2018 08:28:35 UTC] PHP Warning:  include(): Failed opening 'dbConnection.php' for inclusion (include_path='.:/usr/share/php:/usr/share/pear') in /home/ubuntu/workspace/nowens336/finalproject/api/getTotalLocations.php on line 2
[09-May-2018 08:28:35 UTC] PHP Stack trace:
[09-May-2018 08:28:35 UTC] PHP   1. {main}() /home/ubuntu/workspace/nowens336/finalproject/api/getTotalLocations.php:0
[09-May-2018 08:28:35 UTC] PHP Fatal error:  Call to undefined function getDatebaseConnection() in /home/ubuntu/workspace/nowens336/finalproject/api/getTotalLocations.php on line 3
[09-May-2018 08:28:35 UTC] PHP Stack trace:
[09-May-2018 08:28:35 UTC] PHP   1. {main}() /home/ubuntu/workspace/nowens336/finalproject/api/getTotalLocations.php:0
[09-May-2018 08:28:41 UTC] PHP Warning:  include(dbConnection.php): failed to open stream: No such file or directory in /home/ubuntu/workspace/nowens336/finalproject/api/getTotalLocations.php on line 2
[09-May-2018 08:28:41 UTC] PHP Stack trace:
[09-May-2018 08:28:41 UTC] PHP   1. {main}() /home/ubuntu/workspace/nowens336/finalproject/api/getTotalLocations.php:0
[09-May-2018 08:28:41 UTC] PHP Warning:  include(): Failed opening 'dbConnection.php' for inclusion (include_path='.:/usr/share/php:/usr/share/pear') in /home/ubuntu/workspace/nowens336/finalproject/api/getTotalLocations.php on line 2
[09-May-2018 08:28:41 UTC] PHP Stack trace:
[09-May-2018 08:28:41 UTC] PHP   1. {main}() /home/ubuntu/workspace/nowens336/finalproject/api/getTotalLocations.php:0
[09-May-2018 08:28:41 UTC] PHP Fatal error:  Call to undefined function getDatebaseConnection() in /home/ubuntu/workspace/nowens336/finalproject/api/getTotalLocations.php on line 3
[09-May-2018 08:28:41 UTC] PHP Stack trace:
[09-May-2018 08:28:41 UTC] PHP   1. {main}() /home/ubuntu/workspace/nowens336/finalproject/api/getTotalLocations.php:0
[09-May-2018 08:28:41 UTC] PHP Warning:  include(dbConnection.php): failed to open stream: No such file or directory in /home/ubuntu/workspace/nowens336/finalproject/api/getTotalLocations.php on line 2
[09-May-2018 08:28:41 UTC] PHP Stack trace:
[09-May-2018 08:28:41 UTC] PHP   1. {main}() /home/ubuntu/workspace/nowens336/finalproject/api/getTotalLocations.php:0
[09-May-2018 08:28:41 UTC] PHP Warning:  include(): Failed opening 'dbConnection.php' for inclusion (include_path='.:/usr/share/php:/usr/share/pear') in /home/ubuntu/workspace/nowens336/finalproject/api/getTotalLocations.php on line 2
[09-May-2018 08:28:41 UTC] PHP Stack trace:
[09-May-2018 08:28:41 UTC] PHP   1. {main}() /home/ubuntu/workspace/nowens336/finalproject/api/getTotalLocations.php:0
[09-May-2018 08:28:41 UTC] PHP Fatal error:  Call to undefined function getDatebaseConnection() in /home/ubuntu/workspace/nowens336/finalproject/api/getTotalLocations.php on line 3
[09-May-2018 08:28:41 UTC] PHP Stack trace:
[09-May-2018 08:28:41 UTC] PHP   1. {main}() /home/ubuntu/workspace/nowens336/finalproject/api/getTotalLocations.php:0
[09-May-2018 08:28:43 UTC] PHP Warning:  include(dbConnection.php): failed to open stream: No such file or directory in /home/ubuntu/workspace/nowens336/finalproject/api/getTotalLocations.php on line 2
[09-May-2018 08:28:43 UTC] PHP Stack trace:
[09-May-2018 08:28:43 UTC] PHP   1. {main}() /home/ubuntu/workspace/nowens336/finalproject/api/getTotalLocations.php:0
[09-May-2018 08:28:43 UTC] PHP Warning:  include(): Failed opening 'dbConnection.php' for inclusion (include_path='.:/usr/share/php:/usr/share/pear') in /home/ubuntu/workspace/nowens336/finalproject/api/getTotalLocations.php on line 2
[09-May-2018 08:28:43 UTC] PHP Stack trace:
[09-May-2018 08:28:43 UTC] PHP   1. {main}() /home/ubuntu/workspace/nowens336/finalproject/api/getTotalLocations.php:0
[09-May-2018 08:28:43 UTC] PHP Fatal error:  Call to undefined function getDatebaseConnection() in /home/ubuntu/workspace/nowens336/finalproject/api/getTotalLocations.php on line 3
[09-May-2018 08:28:43 UTC] PHP Stack trace:
[09-May-2018 08:28:43 UTC] PHP   1. {main}() /home/ubuntu/workspace/nowens336/finalproject/api/getTotalLocations.php:0
[09-May-2018 08:28:43 UTC] PHP Warning:  include(dbConnection.php): failed to open stream: No such file or directory in /home/ubuntu/workspace/nowens336/finalproject/api/getTotalLocations.php on line 2
[09-May-2018 08:28:43 UTC] PHP Stack trace:
[09-May-2018 08:28:43 UTC] PHP   1. {main}() /home/ubuntu/workspace/nowens336/finalproject/api/getTotalLocations.php:0
[09-May-2018 08:28:43 UTC] PHP Warning:  include(): Failed opening 'dbConnection.php' for inclusion (include_path='.:/usr/share/php:/usr/share/pear') in /home/ubuntu/workspace/nowens336/finalproject/api/getTotalLocations.php on line 2
[09-May-2018 08:28:43 UTC] PHP Stack trace:
[09-May-2018 08:28:43 UTC] PHP   1. {main}() /home/ubuntu/workspace/nowens336/finalproject/api/getTotalLocations.php:0
[09-May-2018 08:28:43 UTC] PHP Fatal error:  Call to undefined function getDatebaseConnection() in /home/ubuntu/workspace/nowens336/finalproject/api/getTotalLocations.php on line 3
[09-May-2018 08:28:43 UTC] PHP Stack trace:
[09-May-2018 08:28:43 UTC] PHP   1. {main}() /home/ubuntu/workspace/nowens336/finalproject/api/getTotalLocations.php:0
[09-May-2018 08:28:44 UTC] PHP Warning:  include(dbConnection.php): failed to open stream: No such file or directory in /home/ubuntu/workspace/nowens336/finalproject/api/getTotalLocations.php on line 2
[09-May-2018 08:28:44 UTC] PHP Stack trace:
[09-May-2018 08:28:44 UTC] PHP   1. {main}() /home/ubuntu/workspace/nowens336/finalproject/api/getTotalLocations.php:0
[09-May-2018 08:28:44 UTC] PHP Warning:  include(): Failed opening 'dbConnection.php' for inclusion (include_path='.:/usr/share/php:/usr/share/pear') in /home/ubuntu/workspace/nowens336/finalproject/api/getTotalLocations.php on line 2
[09-May-2018 08:28:44 UTC] PHP Stack trace:
[09-May-2018 08:28:44 UTC] PHP   1. {main}() /home/ubuntu/workspace/nowens336/finalproject/api/getTotalLocations.php:0
[09-May-2018 08:28:44 UTC] PHP Fatal error:  Call to undefined function getDatebaseConnection() in /home/ubuntu/workspace/nowens336/finalproject/api/getTotalLocations.php on line 3
[09-May-2018 08:28:44 UTC] PHP Stack trace:
[09-May-2018 08:28:44 UTC] PHP   1. {main}() /home/ubuntu/workspace/nowens336/finalproject/api/getTotalLocations.php:0
[09-May-2018 08:28:45 UTC] PHP Warning:  include(dbConnection.php): failed to open stream: No such file or directory in /home/ubuntu/workspace/nowens336/finalproject/api/getTotalLocations.php on line 2
[09-May-2018 08:28:45 UTC] PHP Stack trace:
[09-May-2018 08:28:45 UTC] PHP   1. {main}() /home/ubuntu/workspace/nowens336/finalproject/api/getTotalLocations.php:0
[09-May-2018 08:28:45 UTC] PHP Warning:  include(): Failed opening 'dbConnection.php' for inclusion (include_path='.:/usr/share/php:/usr/share/pear') in /home/ubuntu/workspace/nowens336/finalproject/api/getTotalLocations.php on line 2
[09-May-2018 08:28:45 UTC] PHP Stack trace:
[09-May-2018 08:28:45 UTC] PHP   1. {main}() /home/ubuntu/workspace/nowens336/finalproject/api/getTotalLocations.php:0
[09-May-2018 08:28:45 UTC] PHP Fatal error:  Call to undefined function getDatebaseConnection() in /home/ubuntu/workspace/nowens336/finalproject/api/getTotalLocations.php on line 3
[09-May-2018 08:28:45 UTC] PHP Stack trace:
[09-May-2018 08:28:45 UTC] PHP   1. {main}() /home/ubuntu/workspace/nowens336/finalproject/api/getTotalLocations.php:0
[09-May-2018 08:28:45 UTC] PHP Warning:  include(dbConnection.php): failed to open stream: No such file or directory in /home/ubuntu/workspace/nowens336/finalproject/api/getTotalLocations.php on line 2
[09-May-2018 08:28:45 UTC] PHP Stack trace:
[09-May-2018 08:28:45 UTC] PHP   1. {main}() /home/ubuntu/workspace/nowens336/finalproject/api/getTotalLocations.php:0
[09-May-2018 08:28:45 UTC] PHP Warning:  include(): Failed opening 'dbConnection.php' for inclusion (include_path='.:/usr/share/php:/usr/share/pear') in /home/ubuntu/workspace/nowens336/finalproject/api/getTotalLocations.php on line 2
[09-May-2018 08:28:45 UTC] PHP Stack trace:
[09-May-2018 08:28:45 UTC] PHP   1. {main}() /home/ubuntu/workspace/nowens336/finalproject/api/getTotalLocations.php:0
[09-May-2018 08:28:45 UTC] PHP Fatal error:  Call to undefined function getDatebaseConnection() in /home/ubuntu/workspace/nowens336/finalproject/api/getTotalLocations.php on line 3
[09-May-2018 08:28:45 UTC] PHP Stack trace:
[09-May-2018 08:28:45 UTC] PHP   1. {main}() /home/ubuntu/workspace/nowens336/finalproject/api/getTotalLocations.php:0
[09-May-2018 08:29:20 UTC] PHP Warning:  include(dbConnection.php): failed to open stream: No such file or directory in /home/ubuntu/workspace/nowens336/finalproject/api/getTotalLocations.php on line 2
[09-May-2018 08:29:20 UTC] PHP Stack trace:
[09-May-2018 08:29:20 UTC] PHP   1. {main}() /home/ubuntu/workspace/nowens336/finalproject/api/getTotalLocations.php:0
[09-May-2018 08:29:20 UTC] PHP Warning:  include(): Failed opening 'dbConnection.php' for inclusion (include_path='.:/usr/share/php:/usr/share/pear') in /home/ubuntu/workspace/nowens336/finalproject/api/getTotalLocations.php on line 2
[09-May-2018 08:29:20 UTC] PHP Stack trace:
[09-May-2018 08:29:20 UTC] PHP   1. {main}() /home/ubuntu/workspace/nowens336/finalproject/api/getTotalLocations.php:0
[09-May-2018 08:29:20 UTC] PHP Fatal error:  Call to undefined function getDatebaseConnection() in /home/ubuntu/workspace/nowens336/finalproject/api/getTotalLocations.php on line 3
[09-May-2018 08:29:20 UTC] PHP Stack trace:
[09-May-2018 08:29:20 UTC] PHP   1. {main}() /home/ubuntu/workspace/nowens336/finalproject/api/getTotalLocations.php:0
[09-May-2018 08:29:21 UTC] PHP Warning:  include(dbConnection.php): failed to open stream: No such file or directory in /home/ubuntu/workspace/nowens336/finalproject/api/getTotalLocations.php on line 2
[09-May-2018 08:29:21 UTC] PHP Stack trace:
[09-May-2018 08:29:21 UTC] PHP   1. {main}() /home/ubuntu/workspace/nowens336/finalproject/api/getTotalLocations.php:0
[09-May-2018 08:29:21 UTC] PHP Warning:  include(): Failed opening 'dbConnection.php' for inclusion (include_path='.:/usr/share/php:/usr/share/pear') in /home/ubuntu/workspace/nowens336/finalproject/api/getTotalLocations.php on line 2
[09-May-2018 08:29:21 UTC] PHP Stack trace:
[09-May-2018 08:29:21 UTC] PHP   1. {main}() /home/ubuntu/workspace/nowens336/finalproject/api/getTotalLocations.php:0
[09-May-2018 08:29:21 UTC] PHP Fatal error:  Call to undefined function getDatebaseConnection() in /home/ubuntu/workspace/nowens336/finalproject/api/getTotalLocations.php on line 3
[09-May-2018 08:29:21 UTC] PHP Stack trace:
[09-May-2018 08:29:21 UTC] PHP   1. {main}() /home/ubuntu/workspace/nowens336/finalproject/api/getTotalLocations.php:0
[09-May-2018 08:29:48 UTC] PHP Warning:  include(dbConnection.php): failed to open stream: No such file or directory in /home/ubuntu/workspace/nowens336/finalproject/api/getTotalLocations.php on line 2
[09-May-2018 08:29:48 UTC] PHP Stack trace:
[09-May-2018 08:29:48 UTC] PHP   1. {main}() /home/ubuntu/workspace/nowens336/finalproject/api/getTotalLocations.php:0
[09-May-2018 08:29:48 UTC] PHP Warning:  include(): Failed opening 'dbConnection.php' for inclusion (include_path='.:/usr/share/php:/usr/share/pear') in /home/ubuntu/workspace/nowens336/finalproject/api/getTotalLocations.php on line 2
[09-May-2018 08:29:48 UTC] PHP Stack trace:
[09-May-2018 08:29:48 UTC] PHP   1. {main}() /home/ubuntu/workspace/nowens336/finalproject/api/getTotalLocations.php:0
[09-May-2018 08:29:48 UTC] PHP Fatal error:  Call to undefined function getDatebaseConnection() in /home/ubuntu/workspace/nowens336/finalproject/api/getTotalLocations.php on line 3
[09-May-2018 08:29:48 UTC] PHP Stack trace:
[09-May-2018 08:29:48 UTC] PHP   1. {main}() /home/ubuntu/workspace/nowens336/finalproject/api/getTotalLocations.php:0
[09-May-2018 08:30:02 UTC] PHP Warning:  include(dbConnection.php): failed to open stream: No such file or directory in /home/ubuntu/workspace/nowens336/finalproject/api/getTotalLocations.php on line 2
[09-May-2018 08:30:02 UTC] PHP Stack trace:
[09-May-2018 08:30:02 UTC] PHP   1. {main}() /home/ubuntu/workspace/nowens336/finalproject/api/getTotalLocations.php:0
[09-May-2018 08:30:02 UTC] PHP Warning:  include(): Failed opening 'dbConnection.php' for inclusion (include_path='.:/usr/share/php:/usr/share/pear') in /home/ubuntu/workspace/nowens336/finalproject/api/getTotalLocations.php on line 2
[09-May-2018 08:30:02 UTC] PHP Stack trace:
[09-May-2018 08:30:02 UTC] PHP   1. {main}() /home/ubuntu/workspace/nowens336/finalproject/api/getTotalLocations.php:0
[09-May-2018 08:30:02 UTC] PHP Fatal error:  Call to undefined function getDatebaseConnection() in /home/ubuntu/workspace/nowens336/finalproject/api/getTotalLocations.php on line 3
[09-May-2018 08:30:02 UTC] PHP Stack trace:
[09-May-2018 08:30:02 UTC] PHP   1. {main}() /home/ubuntu/workspace/nowens336/finalproject/api/getTotalLocations.php:0
[09-May-2018 08:31:35 UTC] PHP Warning:  include(dbConnection.php): failed to open stream: No such file or directory in /home/ubuntu/workspace/nowens336/finalproject/api/getTotalLocations.php on line 2
[09-May-2018 08:31:35 UTC] PHP Stack trace:
[09-May-2018 08:31:35 UTC] PHP   1. {main}() /home/ubuntu/workspace/nowens336/finalproject/api/getTotalLocations.php:0
[09-May-2018 08:31:35 UTC] PHP Warning:  include(): Failed opening 'dbConnection.php' for inclusion (include_path='.:/usr/share/php:/usr/share/pear') in /home/ubuntu/workspace/nowens336/finalproject/api/getTotalLocations.php on line 2
[09-May-2018 08:31:35 UTC] PHP Stack trace:
[09-May-2018 08:31:35 UTC] PHP   1. {main}() /home/ubuntu/workspace/nowens336/finalproject/api/getTotalLocations.php:0
[09-May-2018 08:31:35 UTC] PHP Fatal error:  Call to undefined function getDatebaseConnection() in /home/ubuntu/workspace/nowens336/finalproject/api/getTotalLocations.php on line 3
[09-May-2018 08:31:35 UTC] PHP Stack trace:
[09-May-2018 08:31:35 UTC] PHP   1. {main}() /home/ubuntu/workspace/nowens336/finalproject/api/getTotalLocations.php:0
[09-May-2018 08:31:36 UTC] PHP Warning:  include(dbConnection.php): failed to open stream: No such file or directory in /home/ubuntu/workspace/nowens336/finalproject/api/getTotalLocations.php on line 2
[09-May-2018 08:31:36 UTC] PHP Stack trace:
[09-May-2018 08:31:36 UTC] PHP   1. {main}() /home/ubuntu/workspace/nowens336/finalproject/api/getTotalLocations.php:0
[09-May-2018 08:31:36 UTC] PHP Warning:  include(): Failed opening 'dbConnection.php' for inclusion (include_path='.:/usr/share/php:/usr/share/pear') in /home/ubuntu/workspace/nowens336/finalproject/api/getTotalLocations.php on line 2
[09-May-2018 08:31:36 UTC] PHP Stack trace:
[09-May-2018 08:31:36 UTC] PHP   1. {main}() /home/ubuntu/workspace/nowens336/finalproject/api/getTotalLocations.php:0
[09-May-2018 08:31:36 UTC] PHP Fatal error:  Call to undefined function getDatebaseConnection() in /home/ubuntu/workspace/nowens336/finalproject/api/getTotalLocations.php on line 3
[09-May-2018 08:31:36 UTC] PHP Stack trace:
[09-May-2018 08:31:36 UTC] PHP   1. {main}() /home/ubuntu/workspace/nowens336/finalproject/api/getTotalLocations.php:0
[09-May-2018 08:31:36 UTC] PHP Warning:  include(dbConnection.php): failed to open stream: No such file or directory in /home/ubuntu/workspace/nowens336/finalproject/api/getTotalLocations.php on line 2
[09-May-2018 08:31:36 UTC] PHP Stack trace:
[09-May-2018 08:31:36 UTC] PHP   1. {main}() /home/ubuntu/workspace/nowens336/finalproject/api/getTotalLocations.php:0
[09-May-2018 08:31:36 UTC] PHP Warning:  include(): Failed opening 'dbConnection.php' for inclusion (include_path='.:/usr/share/php:/usr/share/pear') in /home/ubuntu/workspace/nowens336/finalproject/api/getTotalLocations.php on line 2
[09-May-2018 08:31:36 UTC] PHP Stack trace:
[09-May-2018 08:31:36 UTC] PHP   1. {main}() /home/ubuntu/workspace/nowens336/finalproject/api/getTotalLocations.php:0
[09-May-2018 08:31:36 UTC] PHP Fatal error:  Call to undefined function getDatebaseConnection() in /home/ubuntu/workspace/nowens336/finalproject/api/getTotalLocations.php on line 3
[09-May-2018 08:31:36 UTC] PHP Stack trace:
[09-May-2018 08:31:36 UTC] PHP   1. {main}() /home/ubuntu/workspace/nowens336/finalproject/api/getTotalLocations.php:0
[09-May-2018 08:31:36 UTC] PHP Warning:  include(dbConnection.php): failed to open stream: No such file or directory in /home/ubuntu/workspace/nowens336/finalproject/api/getTotalLocations.php on line 2
[09-May-2018 08:31:36 UTC] PHP Stack trace:
[09-May-2018 08:31:36 UTC] PHP   1. {main}() /home/ubuntu/workspace/nowens336/finalproject/api/getTotalLocations.php:0
[09-May-2018 08:31:36 UTC] PHP Warning:  include(): Failed opening 'dbConnection.php' for inclusion (include_path='.:/usr/share/php:/usr/share/pear') in /home/ubuntu/workspace/nowens336/finalproject/api/getTotalLocations.php on line 2
[09-May-2018 08:31:36 UTC] PHP Stack trace:
[09-May-2018 08:31:36 UTC] PHP   1. {main}() /home/ubuntu/workspace/nowens336/finalproject/api/getTotalLocations.php:0
[09-May-2018 08:31:36 UTC] PHP Fatal error:  Call to undefined function getDatebaseConnection() in /home/ubuntu/workspace/nowens336/finalproject/api/getTotalLocations.php on line 3
[09-May-2018 08:31:36 UTC] PHP Stack trace:
[09-May-2018 08:31:36 UTC] PHP   1. {main}() /home/ubuntu/workspace/nowens336/finalproject/api/getTotalLocations.php:0
[09-May-2018 08:31:37 UTC] PHP Warning:  include(dbConnection.php): failed to open stream: No such file or directory in /home/ubuntu/workspace/nowens336/finalproject/api/getTotalLocations.php on line 2
[09-May-2018 08:31:37 UTC] PHP Stack trace:
[09-May-2018 08:31:37 UTC] PHP   1. {main}() /home/ubuntu/workspace/nowens336/finalproject/api/getTotalLocations.php:0
[09-May-2018 08:31:37 UTC] PHP Warning:  include(): Failed opening 'dbConnection.php' for inclusion (include_path='.:/usr/share/php:/usr/share/pear') in /home/ubuntu/workspace/nowens336/finalproject/api/getTotalLocations.php on line 2
[09-May-2018 08:31:37 UTC] PHP Stack trace:
[09-May-2018 08:31:37 UTC] PHP   1. {main}() /home/ubuntu/workspace/nowens336/finalproject/api/getTotalLocations.php:0
[09-May-2018 08:31:37 UTC] PHP Fatal error:  Call to undefined function getDatebaseConnection() in /home/ubuntu/workspace/nowens336/finalproject/api/getTotalLocations.php on line 3
[09-May-2018 08:31:37 UTC] PHP Stack trace:
[09-May-2018 08:31:37 UTC] PHP   1. {main}() /home/ubuntu/workspace/nowens336/finalproject/api/getTotalLocations.php:0
[09-May-2018 08:32:56 UTC] PHP Warning:  include(dbConnection.php): failed to open stream: No such file or directory in /home/ubuntu/workspace/nowens336/finalproject/api/getTotalLocations.php on line 2
[09-May-2018 08:32:56 UTC] PHP Stack trace:
[09-May-2018 08:32:56 UTC] PHP   1. {main}() /home/ubuntu/workspace/nowens336/finalproject/api/getTotalLocations.php:0
[09-May-2018 08:32:56 UTC] PHP Warning:  include(): Failed opening 'dbConnection.php' for inclusion (include_path='.:/usr/share/php:/usr/share/pear') in /home/ubuntu/workspace/nowens336/finalproject/api/getTotalLocations.php on line 2
[09-May-2018 08:32:56 UTC] PHP Stack trace:
[09-May-2018 08:32:56 UTC] PHP   1. {main}() /home/ubuntu/workspace/nowens336/finalproject/api/getTotalLocations.php:0
[09-May-2018 08:32:56 UTC] PHP Fatal error:  Call to undefined function getDatebaseConnection() in /home/ubuntu/workspace/nowens336/finalproject/api/getTotalLocations.php on line 3
[09-May-2018 08:32:56 UTC] PHP Stack trace:
[09-May-2018 08:32:56 UTC] PHP   1. {main}() /home/ubuntu/workspace/nowens336/finalproject/api/getTotalLocations.php:0
[09-May-2018 08:33:05 UTC] PHP Warning:  include(dbConnection.php): failed to open stream: No such file or directory in /home/ubuntu/workspace/nowens336/finalproject/api/getTotalLocations.php on line 2
[09-May-2018 08:33:05 UTC] PHP Stack trace:
[09-May-2018 08:33:05 UTC] PHP   1. {main}() /home/ubuntu/workspace/nowens336/finalproject/api/getTotalLocations.php:0
[09-May-2018 08:33:05 UTC] PHP Warning:  include(): Failed opening 'dbConnection.php' for inclusion (include_path='.:/usr/share/php:/usr/share/pear') in /home/ubuntu/workspace/nowens336/finalproject/api/getTotalLocations.php on line 2
[09-May-2018 08:33:05 UTC] PHP Stack trace:
[09-May-2018 08:33:05 UTC] PHP   1. {main}() /home/ubuntu/workspace/nowens336/finalproject/api/getTotalLocations.php:0
[09-May-2018 08:33:05 UTC] PHP Fatal error:  Call to undefined function getDatebaseConnection() in /home/ubuntu/workspace/nowens336/finalproject/api/getTotalLocations.php on line 3
[09-May-2018 08:33:05 UTC] PHP Stack trace:
[09-May-2018 08:33:05 UTC] PHP   1. {main}() /home/ubuntu/workspace/nowens336/finalproject/api/getTotalLocations.php:0
[09-May-2018 08:33:06 UTC] PHP Warning:  include(dbConnection.php): failed to open stream: No such file or directory in /home/ubuntu/workspace/nowens336/finalproject/api/getTotalLocations.php on line 2
[09-May-2018 08:33:06 UTC] PHP Stack trace:
[09-May-2018 08:33:06 UTC] PHP   1. {main}() /home/ubuntu/workspace/nowens336/finalproject/api/getTotalLocations.php:0
[09-May-2018 08:33:06 UTC] PHP Warning:  include(): Failed opening 'dbConnection.php' for inclusion (include_path='.:/usr/share/php:/usr/share/pear') in /home/ubuntu/workspace/nowens336/finalproject/api/getTotalLocations.php on line 2
[09-May-2018 08:33:06 UTC] PHP Stack trace:
[09-May-2018 08:33:06 UTC] PHP   1. {main}() /home/ubuntu/workspace/nowens336/finalproject/api/getTotalLocations.php:0
[09-May-2018 08:33:06 UTC] PHP Fatal error:  Call to undefined function getDatebaseConnection() in /home/ubuntu/workspace/nowens336/finalproject/api/getTotalLocations.php on line 3
[09-May-2018 08:33:06 UTC] PHP Stack trace:
[09-May-2018 08:33:06 UTC] PHP   1. {main}() /home/ubuntu/workspace/nowens336/finalproject/api/getTotalLocations.php:0
[09-May-2018 08:33:06 UTC] PHP Warning:  include(dbConnection.php): failed to open stream: No such file or directory in /home/ubuntu/workspace/nowens336/finalproject/api/getTotalLocations.php on line 2
[09-May-2018 08:33:06 UTC] PHP Stack trace:
[09-May-2018 08:33:06 UTC] PHP   1. {main}() /home/ubuntu/workspace/nowens336/finalproject/api/getTotalLocations.php:0
[09-May-2018 08:33:06 UTC] PHP Warning:  include(): Failed opening 'dbConnection.php' for inclusion (include_path='.:/usr/share/php:/usr/share/pear') in /home/ubuntu/workspace/nowens336/finalproject/api/getTotalLocations.php on line 2
[09-May-2018 08:33:06 UTC] PHP Stack trace:
[09-May-2018 08:33:06 UTC] PHP   1. {main}() /home/ubuntu/workspace/nowens336/finalproject/api/getTotalLocations.php:0
[09-May-2018 08:33:06 UTC] PHP Fatal error:  Call to undefined function getDatebaseConnection() in /home/ubuntu/workspace/nowens336/finalproject/api/getTotalLocations.php on line 3
[09-May-2018 08:33:06 UTC] PHP Stack trace:
[09-May-2018 08:33:06 UTC] PHP   1. {main}() /home/ubuntu/workspace/nowens336/finalproject/api/getTotalLocations.php:0
[09-May-2018 08:33:06 UTC] PHP Warning:  include(dbConnection.php): failed to open stream: No such file or directory in /home/ubuntu/workspace/nowens336/finalproject/api/getTotalLocations.php on line 2
[09-May-2018 08:33:06 UTC] PHP Stack trace:
[09-May-2018 08:33:06 UTC] PHP   1. {main}() /home/ubuntu/workspace/nowens336/finalproject/api/getTotalLocations.php:0
[09-May-2018 08:33:06 UTC] PHP Warning:  include(): Failed opening 'dbConnection.php' for inclusion (include_path='.:/usr/share/php:/usr/share/pear') in /home/ubuntu/workspace/nowens336/finalproject/api/getTotalLocations.php on line 2
[09-May-2018 08:33:06 UTC] PHP Stack trace:
[09-May-2018 08:33:06 UTC] PHP   1. {main}() /home/ubuntu/workspace/nowens336/finalproject/api/getTotalLocations.php:0
[09-May-2018 08:33:06 UTC] PHP Fatal error:  Call to undefined function getDatebaseConnection() in /home/ubuntu/workspace/nowens336/finalproject/api/getTotalLocations.php on line 3
[09-May-2018 08:33:06 UTC] PHP Stack trace:
[09-May-2018 08:33:06 UTC] PHP   1. {main}() /home/ubuntu/workspace/nowens336/finalproject/api/getTotalLocations.php:0
[09-May-2018 08:33:31 UTC] PHP Warning:  include(dbConnection.php): failed to open stream: No such file or directory in /home/ubuntu/workspace/nowens336/finalproject/api/getTotalLocations.php on line 2
[09-May-2018 08:33:31 UTC] PHP Stack trace:
[09-May-2018 08:33:31 UTC] PHP   1. {main}() /home/ubuntu/workspace/nowens336/finalproject/api/getTotalLocations.php:0
[09-May-2018 08:33:31 UTC] PHP Warning:  include(): Failed opening 'dbConnection.php' for inclusion (include_path='.:/usr/share/php:/usr/share/pear') in /home/ubuntu/workspace/nowens336/finalproject/api/getTotalLocations.php on line 2
[09-May-2018 08:33:31 UTC] PHP Stack trace:
[09-May-2018 08:33:31 UTC] PHP   1. {main}() /home/ubuntu/workspace/nowens336/finalproject/api/getTotalLocations.php:0
[09-May-2018 08:33:31 UTC] PHP Fatal error:  Call to undefined function getDatebaseConnection() in /home/ubuntu/workspace/nowens336/finalproject/api/getTotalLocations.php on line 3
[09-May-2018 08:33:31 UTC] PHP Stack trace:
[09-May-2018 08:33:31 UTC] PHP   1. {main}() /home/ubuntu/workspace/nowens336/finalproject/api/getTotalLocations.php:0
[09-May-2018 08:33:32 UTC] PHP Warning:  include(dbConnection.php): failed to open stream: No such file or directory in /home/ubuntu/workspace/nowens336/finalproject/api/getTotalLocations.php on line 2
[09-May-2018 08:33:32 UTC] PHP Stack trace:
[09-May-2018 08:33:32 UTC] PHP   1. {main}() /home/ubuntu/workspace/nowens336/finalproject/api/getTotalLocations.php:0
[09-May-2018 08:33:32 UTC] PHP Warning:  include(): Failed opening 'dbConnection.php' for inclusion (include_path='.:/usr/share/php:/usr/share/pear') in /home/ubuntu/workspace/nowens336/finalproject/api/getTotalLocations.php on line 2
[09-May-2018 08:33:32 UTC] PHP Stack trace:
[09-May-2018 08:33:32 UTC] PHP   1. {main}() /home/ubuntu/workspace/nowens336/finalproject/api/getTotalLocations.php:0
[09-May-2018 08:33:32 UTC] PHP Fatal error:  Call to undefined function getDatebaseConnection() in /home/ubuntu/workspace/nowens336/finalproject/api/getTotalLocations.php on line 3
[09-May-2018 08:33:32 UTC] PHP Stack trace:
[09-May-2018 08:33:32 UTC] PHP   1. {main}() /home/ubuntu/workspace/nowens336/finalproject/api/getTotalLocations.php:0
[09-May-2018 08:33:33 UTC] PHP Warning:  include(dbConnection.php): failed to open stream: No such file or directory in /home/ubuntu/workspace/nowens336/finalproject/api/getTotalLocations.php on line 2
[09-May-2018 08:33:33 UTC] PHP Stack trace:
[09-May-2018 08:33:33 UTC] PHP   1. {main}() /home/ubuntu/workspace/nowens336/finalproject/api/getTotalLocations.php:0
[09-May-2018 08:33:33 UTC] PHP Warning:  include(): Failed opening 'dbConnection.php' for inclusion (include_path='.:/usr/share/php:/usr/share/pear') in /home/ubuntu/workspace/nowens336/finalproject/api/getTotalLocations.php on line 2
[09-May-2018 08:33:33 UTC] PHP Stack trace:
[09-May-2018 08:33:33 UTC] PHP   1. {main}() /home/ubuntu/workspace/nowens336/finalproject/api/getTotalLocations.php:0
[09-May-2018 08:33:33 UTC] PHP Fatal error:  Call to undefined function getDatebaseConnection() in /home/ubuntu/workspace/nowens336/finalproject/api/getTotalLocations.php on line 3
[09-May-2018 08:33:33 UTC] PHP Stack trace:
[09-May-2018 08:33:33 UTC] PHP   1. {main}() /home/ubuntu/workspace/nowens336/finalproject/api/getTotalLocations.php:0
[09-May-2018 08:33:33 UTC] PHP Warning:  include(dbConnection.php): failed to open stream: No such file or directory in /home/ubuntu/workspace/nowens336/finalproject/api/getTotalLocations.php on line 2
[09-May-2018 08:33:33 UTC] PHP Stack trace:
[09-May-2018 08:33:33 UTC] PHP   1. {main}() /home/ubuntu/workspace/nowens336/finalproject/api/getTotalLocations.php:0
[09-May-2018 08:33:33 UTC] PHP Warning:  include(): Failed opening 'dbConnection.php' for inclusion (include_path='.:/usr/share/php:/usr/share/pear') in /home/ubuntu/workspace/nowens336/finalproject/api/getTotalLocations.php on line 2
[09-May-2018 08:33:33 UTC] PHP Stack trace:
[09-May-2018 08:33:33 UTC] PHP   1. {main}() /home/ubuntu/workspace/nowens336/finalproject/api/getTotalLocations.php:0
[09-May-2018 08:33:33 UTC] PHP Fatal error:  Call to undefined function getDatebaseConnection() in /home/ubuntu/workspace/nowens336/finalproject/api/getTotalLocations.php on line 3
[09-May-2018 08:33:33 UTC] PHP Stack trace:
[09-May-2018 08:33:33 UTC] PHP   1. {main}() /home/ubuntu/workspace/nowens336/finalproject/api/getTotalLocations.php:0
[09-May-2018 08:33:33 UTC] PHP Warning:  include(dbConnection.php): failed to open stream: No such file or directory in /home/ubuntu/workspace/nowens336/finalproject/api/getTotalLocations.php on line 2
[09-May-2018 08:33:33 UTC] PHP Stack trace:
[09-May-2018 08:33:33 UTC] PHP   1. {main}() /home/ubuntu/workspace/nowens336/finalproject/api/getTotalLocations.php:0
[09-May-2018 08:33:33 UTC] PHP Warning:  include(): Failed opening 'dbConnection.php' for inclusion (include_path='.:/usr/share/php:/usr/share/pear') in /home/ubuntu/workspace/nowens336/finalproject/api/getTotalLocations.php on line 2
[09-May-2018 08:33:33 UTC] PHP Stack trace:
[09-May-2018 08:33:33 UTC] PHP   1. {main}() /home/ubuntu/workspace/nowens336/finalproject/api/getTotalLocations.php:0
[09-May-2018 08:33:33 UTC] PHP Fatal error:  Call to undefined function getDatebaseConnection() in /home/ubuntu/workspace/nowens336/finalproject/api/getTotalLocations.php on line 3
[09-May-2018 08:33:33 UTC] PHP Stack trace:
[09-May-2018 08:33:33 UTC] PHP   1. {main}() /home/ubuntu/workspace/nowens336/finalproject/api/getTotalLocations.php:0
[09-May-2018 08:33:33 UTC] PHP Warning:  include(dbConnection.php): failed to open stream: No such file or directory in /home/ubuntu/workspace/nowens336/finalproject/api/getTotalLocations.php on line 2
[09-May-2018 08:33:33 UTC] PHP Stack trace:
[09-May-2018 08:33:33 UTC] PHP   1. {main}() /home/ubuntu/workspace/nowens336/finalproject/api/getTotalLocations.php:0
[09-May-2018 08:33:33 UTC] PHP Warning:  include(): Failed opening 'dbConnection.php' for inclusion (include_path='.:/usr/share/php:/usr/share/pear') in /home/ubuntu/workspace/nowens336/finalproject/api/getTotalLocations.php on line 2
[09-May-2018 08:33:33 UTC] PHP Stack trace:
[09-May-2018 08:33:33 UTC] PHP   1. {main}() /home/ubuntu/workspace/nowens336/finalproject/api/getTotalLocations.php:0
[09-May-2018 08:33:33 UTC] PHP Fatal error:  Call to undefined function getDatebaseConnection() in /home/ubuntu/workspace/nowens336/finalproject/api/getTotalLocations.php on line 3
[09-May-2018 08:33:33 UTC] PHP Stack trace:
[09-May-2018 08:33:33 UTC] PHP   1. {main}() /home/ubuntu/workspace/nowens336/finalproject/api/getTotalLocations.php:0
[09-May-2018 08:33:33 UTC] PHP Warning:  include(dbConnection.php): failed to open stream: No such file or directory in /home/ubuntu/workspace/nowens336/finalproject/api/getTotalLocations.php on line 2
[09-May-2018 08:33:33 UTC] PHP Stack trace:
[09-May-2018 08:33:33 UTC] PHP   1. {main}() /home/ubuntu/workspace/nowens336/finalproject/api/getTotalLocations.php:0
[09-May-2018 08:33:33 UTC] PHP Warning:  include(): Failed opening 'dbConnection.php' for inclusion (include_path='.:/usr/share/php:/usr/share/pear') in /home/ubuntu/workspace/nowens336/finalproject/api/getTotalLocations.php on line 2
[09-May-2018 08:33:33 UTC] PHP Stack trace:
[09-May-2018 08:33:33 UTC] PHP   1. {main}() /home/ubuntu/workspace/nowens336/finalproject/api/getTotalLocations.php:0
[09-May-2018 08:33:33 UTC] PHP Fatal error:  Call to undefined function getDatebaseConnection() in /home/ubuntu/workspace/nowens336/finalproject/api/getTotalLocations.php on line 3
[09-May-2018 08:33:33 UTC] PHP Stack trace:
[09-May-2018 08:33:33 UTC] PHP   1. {main}() /home/ubuntu/workspace/nowens336/finalproject/api/getTotalLocations.php:0
[09-May-2018 08:33:34 UTC] PHP Warning:  include(dbConnection.php): failed to open stream: No such file or directory in /home/ubuntu/workspace/nowens336/finalproject/api/getTotalLocations.php on line 2
[09-May-2018 08:33:34 UTC] PHP Stack trace:
[09-May-2018 08:33:34 UTC] PHP   1. {main}() /home/ubuntu/workspace/nowens336/finalproject/api/getTotalLocations.php:0
[09-May-2018 08:33:34 UTC] PHP Warning:  include(): Failed opening 'dbConnection.php' for inclusion (include_path='.:/usr/share/php:/usr/share/pear') in /home/ubuntu/workspace/nowens336/finalproject/api/getTotalLocations.php on line 2
[09-May-2018 08:33:34 UTC] PHP Stack trace:
[09-May-2018 08:33:34 UTC] PHP   1. {main}() /home/ubuntu/workspace/nowens336/finalproject/api/getTotalLocations.php:0
[09-May-2018 08:33:34 UTC] PHP Fatal error:  Call to undefined function getDatebaseConnection() in /home/ubuntu/workspace/nowens336/finalproject/api/getTotalLocations.php on line 3
[09-May-2018 08:33:34 UTC] PHP Stack trace:
[09-May-2018 08:33:34 UTC] PHP   1. {main}() /home/ubuntu/workspace/nowens336/finalproject/api/getTotalLocations.php:0
[09-May-2018 08:33:34 UTC] PHP Warning:  include(dbConnection.php): failed to open stream: No such file or directory in /home/ubuntu/workspace/nowens336/finalproject/api/getTotalLocations.php on line 2
[09-May-2018 08:33:34 UTC] PHP Stack trace:
[09-May-2018 08:33:34 UTC] PHP   1. {main}() /home/ubuntu/workspace/nowens336/finalproject/api/getTotalLocations.php:0
[09-May-2018 08:33:34 UTC] PHP Warning:  include(): Failed opening 'dbConnection.php' for inclusion (include_path='.:/usr/share/php:/usr/share/pear') in /home/ubuntu/workspace/nowens336/finalproject/api/getTotalLocations.php on line 2
[09-May-2018 08:33:34 UTC] PHP Stack trace:
[09-May-2018 08:33:34 UTC] PHP   1. {main}() /home/ubuntu/workspace/nowens336/finalproject/api/getTotalLocations.php:0
[09-May-2018 08:33:34 UTC] PHP Fatal error:  Call to undefined function getDatebaseConnection() in /home/ubuntu/workspace/nowens336/finalproject/api/getTotalLocations.php on line 3
[09-May-2018 08:33:34 UTC] PHP Stack trace:
[09-May-2018 08:33:34 UTC] PHP   1. {main}() /home/ubuntu/workspace/nowens336/finalproject/api/getTotalLocations.php:0
[09-May-2018 08:33:34 UTC] PHP Warning:  include(dbConnection.php): failed to open stream: No such file or directory in /home/ubuntu/workspace/nowens336/finalproject/api/getTotalLocations.php on line 2
[09-May-2018 08:33:34 UTC] PHP Stack trace:
[09-May-2018 08:33:34 UTC] PHP   1. {main}() /home/ubuntu/workspace/nowens336/finalproject/api/getTotalLocations.php:0
[09-May-2018 08:33:34 UTC] PHP Warning:  include(): Failed opening 'dbConnection.php' for inclusion (include_path='.:/usr/share/php:/usr/share/pear') in /home/ubuntu/workspace/nowens336/finalproject/api/getTotalLocations.php on line 2
[09-May-2018 08:33:34 UTC] PHP Stack trace:
[09-May-2018 08:33:34 UTC] PHP   1. {main}() /home/ubuntu/workspace/nowens336/finalproject/api/getTotalLocations.php:0
[09-May-2018 08:33:34 UTC] PHP Fatal error:  Call to undefined function getDatebaseConnection() in /home/ubuntu/workspace/nowens336/finalproject/api/getTotalLocations.php on line 3
[09-May-2018 08:33:34 UTC] PHP Stack trace:
[09-May-2018 08:33:34 UTC] PHP   1. {main}() /home/ubuntu/workspace/nowens336/finalproject/api/getTotalLocations.php:0
[09-May-2018 08:33:34 UTC] PHP Warning:  include(dbConnection.php): failed to open stream: No such file or directory in /home/ubuntu/workspace/nowens336/finalproject/api/getTotalLocations.php on line 2
[09-May-2018 08:33:34 UTC] PHP Stack trace:
[09-May-2018 08:33:34 UTC] PHP   1. {main}() /home/ubuntu/workspace/nowens336/finalproject/api/getTotalLocations.php:0
[09-May-2018 08:33:34 UTC] PHP Warning:  include(): Failed opening 'dbConnection.php' for inclusion (include_path='.:/usr/share/php:/usr/share/pear') in /home/ubuntu/workspace/nowens336/finalproject/api/getTotalLocations.php on line 2
[09-May-2018 08:33:34 UTC] PHP Stack trace:
[09-May-2018 08:33:34 UTC] PHP   1. {main}() /home/ubuntu/workspace/nowens336/finalproject/api/getTotalLocations.php:0
[09-May-2018 08:33:34 UTC] PHP Fatal error:  Call to undefined function getDatebaseConnection() in /home/ubuntu/workspace/nowens336/finalproject/api/getTotalLocations.php on line 3
[09-May-2018 08:33:34 UTC] PHP Stack trace:
[09-May-2018 08:33:34 UTC] PHP   1. {main}() /home/ubuntu/workspace/nowens336/finalproject/api/getTotalLocations.php:0
[09-May-2018 08:33:35 UTC] PHP Warning:  include(dbConnection.php): failed to open stream: No such file or directory in /home/ubuntu/workspace/nowens336/finalproject/api/getTotalLocations.php on line 2
[09-May-2018 08:33:35 UTC] PHP Stack trace:
[09-May-2018 08:33:35 UTC] PHP   1. {main}() /home/ubuntu/workspace/nowens336/finalproject/api/getTotalLocations.php:0
[09-May-2018 08:33:35 UTC] PHP Warning:  include(): Failed opening 'dbConnection.php' for inclusion (include_path='.:/usr/share/php:/usr/share/pear') in /home/ubuntu/workspace/nowens336/finalproject/api/getTotalLocations.php on line 2
[09-May-2018 08:33:35 UTC] PHP Stack trace:
[09-May-2018 08:33:35 UTC] PHP   1. {main}() /home/ubuntu/workspace/nowens336/finalproject/api/getTotalLocations.php:0
[09-May-2018 08:33:35 UTC] PHP Fatal error:  Call to undefined function getDatebaseConnection() in /home/ubuntu/workspace/nowens336/finalproject/api/getTotalLocations.php on line 3
[09-May-2018 08:33:35 UTC] PHP Stack trace:
[09-May-2018 08:33:35 UTC] PHP   1. {main}() /home/ubuntu/workspace/nowens336/finalproject/api/getTotalLocations.php:0
[09-May-2018 08:33:35 UTC] PHP Warning:  include(dbConnection.php): failed to open stream: No such file or directory in /home/ubuntu/workspace/nowens336/finalproject/api/getTotalLocations.php on line 2
[09-May-2018 08:33:35 UTC] PHP Stack trace:
[09-May-2018 08:33:35 UTC] PHP   1. {main}() /home/ubuntu/workspace/nowens336/finalproject/api/getTotalLocations.php:0
[09-May-2018 08:33:35 UTC] PHP Warning:  include(): Failed opening 'dbConnection.php' for inclusion (include_path='.:/usr/share/php:/usr/share/pear') in /home/ubuntu/workspace/nowens336/finalproject/api/getTotalLocations.php on line 2
[09-May-2018 08:33:35 UTC] PHP Stack trace:
[09-May-2018 08:33:35 UTC] PHP   1. {main}() /home/ubuntu/workspace/nowens336/finalproject/api/getTotalLocations.php:0
[09-May-2018 08:33:35 UTC] PHP Fatal error:  Call to undefined function getDatebaseConnection() in /home/ubuntu/workspace/nowens336/finalproject/api/getTotalLocations.php on line 3
[09-May-2018 08:33:35 UTC] PHP Stack trace:
[09-May-2018 08:33:35 UTC] PHP   1. {main}() /home/ubuntu/workspace/nowens336/finalproject/api/getTotalLocations.php:0
[09-May-2018 08:37:47 UTC] PHP Warning:  include(dbConnection.php): failed to open stream: No such file or directory in /home/ubuntu/workspace/nowens336/finalproject/api/getTotalLocations.php on line 2
[09-May-2018 08:37:47 UTC] PHP Stack trace:
[09-May-2018 08:37:47 UTC] PHP   1. {main}() /home/ubuntu/workspace/nowens336/finalproject/api/getTotalLocations.php:0
[09-May-2018 08:37:47 UTC] PHP Warning:  include(): Failed opening 'dbConnection.php' for inclusion (include_path='.:/usr/share/php:/usr/share/pear') in /home/ubuntu/workspace/nowens336/finalproject/api/getTotalLocations.php on line 2
[09-May-2018 08:37:47 UTC] PHP Stack trace:
[09-May-2018 08:37:47 UTC] PHP   1. {main}() /home/ubuntu/workspace/nowens336/finalproject/api/getTotalLocations.php:0
[09-May-2018 08:37:47 UTC] PHP Fatal error:  Call to undefined function getDatebaseConnection() in /home/ubuntu/workspace/nowens336/finalproject/api/getTotalLocations.php on line 3
[09-May-2018 08:37:47 UTC] PHP Stack trace:
[09-May-2018 08:37:47 UTC] PHP   1. {main}() /home/ubuntu/workspace/nowens336/finalproject/api/getTotalLocations.php:0
[09-May-2018 08:38:04 UTC] PHP Warning:  include(dbConnection.php): failed to open stream: No such file or directory in /home/ubuntu/workspace/nowens336/finalproject/api/getTotalTrainers.php on line 2
[09-May-2018 08:38:04 UTC] PHP Stack trace:
[09-May-2018 08:38:04 UTC] PHP   1. {main}() /home/ubuntu/workspace/nowens336/finalproject/api/getTotalTrainers.php:0
[09-May-2018 08:38:04 UTC] PHP Warning:  include(): Failed opening 'dbConnection.php' for inclusion (include_path='.:/usr/share/php:/usr/share/pear') in /home/ubuntu/workspace/nowens336/finalproject/api/getTotalTrainers.php on line 2
[09-May-2018 08:38:04 UTC] PHP Stack trace:
[09-May-2018 08:38:04 UTC] PHP   1. {main}() /home/ubuntu/workspace/nowens336/finalproject/api/getTotalTrainers.php:0
[09-May-2018 08:38:04 UTC] PHP Fatal error:  Call to undefined function getDatebaseConnection() in /home/ubuntu/workspace/nowens336/finalproject/api/getTotalTrainers.php on line 3
[09-May-2018 08:38:04 UTC] PHP Stack trace:
[09-May-2018 08:38:04 UTC] PHP   1. {main}() /home/ubuntu/workspace/nowens336/finalproject/api/getTotalTrainers.php:0
[09-May-2018 08:38:05 UTC] PHP Warning:  include(dbConnection.php): failed to open stream: No such file or directory in /home/ubuntu/workspace/nowens336/finalproject/api/getTotalPokemon.php on line 2
[09-May-2018 08:38:05 UTC] PHP Stack trace:
[09-May-2018 08:38:05 UTC] PHP   1. {main}() /home/ubuntu/workspace/nowens336/finalproject/api/getTotalPokemon.php:0
[09-May-2018 08:38:05 UTC] PHP Warning:  include(): Failed opening 'dbConnection.php' for inclusion (include_path='.:/usr/share/php:/usr/share/pear') in /home/ubuntu/workspace/nowens336/finalproject/api/getTotalPokemon.php on line 2
[09-May-2018 08:38:05 UTC] PHP Stack trace:
[09-May-2018 08:38:05 UTC] PHP   1. {main}() /home/ubuntu/workspace/nowens336/finalproject/api/getTotalPokemon.php:0
[09-May-2018 08:38:05 UTC] PHP Fatal error:  Call to undefined function getDatebaseConnection() in /home/ubuntu/workspace/nowens336/finalproject/api/getTotalPokemon.php on line 3
[09-May-2018 08:38:05 UTC] PHP Stack trace:
[09-May-2018 08:38:05 UTC] PHP   1. {main}() /home/ubuntu/workspace/nowens336/finalproject/api/getTotalPokemon.php:0
[09-May-2018 08:38:06 UTC] PHP Warning:  include(dbConnection.php): failed to open stream: No such file or directory in /home/ubuntu/workspace/nowens336/finalproject/api/getTotalLocations.php on line 2
[09-May-2018 08:38:06 UTC] PHP Stack trace:
[09-May-2018 08:38:06 UTC] PHP   1. {main}() /home/ubuntu/workspace/nowens336/finalproject/api/getTotalLocations.php:0
[09-May-2018 08:38:06 UTC] PHP Warning:  include(): Failed opening 'dbConnection.php' for inclusion (include_path='.:/usr/share/php:/usr/share/pear') in /home/ubuntu/workspace/nowens336/finalproject/api/getTotalLocations.php on line 2
[09-May-2018 08:38:06 UTC] PHP Stack trace:
[09-May-2018 08:38:06 UTC] PHP   1. {main}() /home/ubuntu/workspace/nowens336/finalproject/api/getTotalLocations.php:0
[09-May-2018 08:38:06 UTC] PHP Fatal error:  Call to undefined function getDatebaseConnection() in /home/ubuntu/workspace/nowens336/finalproject/api/getTotalLocations.php on line 3
[09-May-2018 08:38:06 UTC] PHP Stack trace:
[09-May-2018 08:38:06 UTC] PHP   1. {main}() /home/ubuntu/workspace/nowens336/finalproject/api/getTotalLocations.php:0
[09-May-2018 15:08:12 UTC] PHP Warning:  include(dbConnection.php): failed to open stream: No such file or directory in /home/ubuntu/workspace/nowens336/finalproject/api/getTotalLocations.php on line 2
[09-May-2018 15:08:12 UTC] PHP Stack trace:
[09-May-2018 15:08:12 UTC] PHP   1. {main}() /home/ubuntu/workspace/nowens336/finalproject/api/getTotalLocations.php:0
[09-May-2018 15:08:12 UTC] PHP Warning:  include(): Failed opening 'dbConnection.php' for inclusion (include_path='.:/usr/share/php:/usr/share/pear') in /home/ubuntu/workspace/nowens336/finalproject/api/getTotalLocations.php on line 2
[09-May-2018 15:08:12 UTC] PHP Stack trace:
[09-May-2018 15:08:12 UTC] PHP   1. {main}() /home/ubuntu/workspace/nowens336/finalproject/api/getTotalLocations.php:0
[09-May-2018 15:08:12 UTC] PHP Fatal error:  Call to undefined function getDatebaseConnection() in /home/ubuntu/workspace/nowens336/finalproject/api/getTotalLocations.php on line 3
[09-May-2018 15:08:12 UTC] PHP Stack trace:
[09-May-2018 15:08:12 UTC] PHP   1. {main}() /home/ubuntu/workspace/nowens336/finalproject/api/getTotalLocations.php:0
[09-May-2018 15:08:12 UTC] PHP Warning:  include(dbConnection.php): failed to open stream: No such file or directory in /home/ubuntu/workspace/nowens336/finalproject/api/getTotalTrainers.php on line 2
[09-May-2018 15:08:12 UTC] PHP Stack trace:
[09-May-2018 15:08:12 UTC] PHP   1. {main}() /home/ubuntu/workspace/nowens336/finalproject/api/getTotalTrainers.php:0
[09-May-2018 15:08:12 UTC] PHP Warning:  include(): Failed opening 'dbConnection.php' for inclusion (include_path='.:/usr/share/php:/usr/share/pear') in /home/ubuntu/workspace/nowens336/finalproject/api/getTotalTrainers.php on line 2
[09-May-2018 15:08:12 UTC] PHP Stack trace:
[09-May-2018 15:08:12 UTC] PHP   1. {main}() /home/ubuntu/workspace/nowens336/finalproject/api/getTotalTrainers.php:0
[09-May-2018 15:08:12 UTC] PHP Fatal error:  Call to undefined function getDatebaseConnection() in /home/ubuntu/workspace/nowens336/finalproject/api/getTotalTrainers.php on line 3
[09-May-2018 15:08:12 UTC] PHP Stack trace:
[09-May-2018 15:08:12 UTC] PHP   1. {main}() /home/ubuntu/workspace/nowens336/finalproject/api/getTotalTrainers.php:0
[09-May-2018 15:08:12 UTC] PHP Warning:  include(dbConnection.php): failed to open stream: No such file or directory in /home/ubuntu/workspace/nowens336/finalproject/api/getTotalPokemon.php on line 2
[09-May-2018 15:08:12 UTC] PHP Stack trace:
[09-May-2018 15:08:12 UTC] PHP   1. {main}() /home/ubuntu/workspace/nowens336/finalproject/api/getTotalPokemon.php:0
[09-May-2018 15:08:12 UTC] PHP Warning:  include(): Failed opening 'dbConnection.php' for inclusion (include_path='.:/usr/share/php:/usr/share/pear') in /home/ubuntu/workspace/nowens336/finalproject/api/getTotalPokemon.php on line 2
[09-May-2018 15:08:12 UTC] PHP Stack trace:
[09-May-2018 15:08:12 UTC] PHP   1. {main}() /home/ubuntu/workspace/nowens336/finalproject/api/getTotalPokemon.php:0
[09-May-2018 15:08:12 UTC] PHP Fatal error:  Call to undefined function getDatebaseConnection() in /home/ubuntu/workspace/nowens336/finalproject/api/getTotalPokemon.php on line 3
[09-May-2018 15:08:12 UTC] PHP Stack trace:
[09-May-2018 15:08:12 UTC] PHP   1. {main}() /home/ubuntu/workspace/nowens336/finalproject/api/getTotalPokemon.php:0
[09-May-2018 15:08:15 UTC] PHP Warning:  include(dbConnection.php): failed to open stream: No such file or directory in /home/ubuntu/workspace/nowens336/finalproject/api/getTotalTrainers.php on line 2
[09-May-2018 15:08:15 UTC] PHP Stack trace:
[09-May-2018 15:08:15 UTC] PHP   1. {main}() /home/ubuntu/workspace/nowens336/finalproject/api/getTotalTrainers.php:0
[09-May-2018 15:08:15 UTC] PHP Warning:  include(): Failed opening 'dbConnection.php' for inclusion (include_path='.:/usr/share/php:/usr/share/pear') in /home/ubuntu/workspace/nowens336/finalproject/api/getTotalTrainers.php on line 2
[09-May-2018 15:08:15 UTC] PHP Stack trace:
[09-May-2018 15:08:15 UTC] PHP   1. {main}() /home/ubuntu/workspace/nowens336/finalproject/api/getTotalTrainers.php:0
[09-May-2018 15:08:15 UTC] PHP Fatal error:  Call to undefined function getDatebaseConnection() in /home/ubuntu/workspace/nowens336/finalproject/api/getTotalTrainers.php on line 3
[09-May-2018 15:08:15 UTC] PHP Stack trace:
[09-May-2018 15:08:15 UTC] PHP   1. {main}() /home/ubuntu/workspace/nowens336/finalproject/api/getTotalTrainers.php:0
[09-May-2018 15:08:16 UTC] PHP Warning:  include(dbConnection.php): failed to open stream: No such file or directory in /home/ubuntu/workspace/nowens336/finalproject/api/getTotalLocations.php on line 2
[09-May-2018 15:08:16 UTC] PHP Stack trace:
[09-May-2018 15:08:16 UTC] PHP   1. {main}() /home/ubuntu/workspace/nowens336/finalproject/api/getTotalLocations.php:0
[09-May-2018 15:08:16 UTC] PHP Warning:  include(): Failed opening 'dbConnection.php' for inclusion (include_path='.:/usr/share/php:/usr/share/pear') in /home/ubuntu/workspace/nowens336/finalproject/api/getTotalLocations.php on line 2
[09-May-2018 15:08:16 UTC] PHP Stack trace:
[09-May-2018 15:08:16 UTC] PHP   1. {main}() /home/ubuntu/workspace/nowens336/finalproject/api/getTotalLocations.php:0
[09-May-2018 15:08:16 UTC] PHP Fatal error:  Call to undefined function getDatebaseConnection() in /home/ubuntu/workspace/nowens336/finalproject/api/getTotalLocations.php on line 3
[09-May-2018 15:08:16 UTC] PHP Stack trace:
[09-May-2018 15:08:16 UTC] PHP   1. {main}() /home/ubuntu/workspace/nowens336/finalproject/api/getTotalLocations.php:0
[09-May-2018 15:08:16 UTC] PHP Warning:  include(dbConnection.php): failed to open stream: No such file or directory in /home/ubuntu/workspace/nowens336/finalproject/api/getTotalLocations.php on line 2
[09-May-2018 15:08:16 UTC] PHP Stack trace:
[09-May-2018 15:08:16 UTC] PHP   1. {main}() /home/ubuntu/workspace/nowens336/finalproject/api/getTotalLocations.php:0
[09-May-2018 15:08:16 UTC] PHP Warning:  include(): Failed opening 'dbConnection.php' for inclusion (include_path='.:/usr/share/php:/usr/share/pear') in /home/ubuntu/workspace/nowens336/finalproject/api/getTotalLocations.php on line 2
[09-May-2018 15:08:16 UTC] PHP Stack trace:
[09-May-2018 15:08:16 UTC] PHP   1. {main}() /home/ubuntu/workspace/nowens336/finalproject/api/getTotalLocations.php:0
[09-May-2018 15:08:16 UTC] PHP Fatal error:  Call to undefined function getDatebaseConnection() in /home/ubuntu/workspace/nowens336/finalproject/api/getTotalLocations.php on line 3
[09-May-2018 15:08:16 UTC] PHP Stack trace:
[09-May-2018 15:08:16 UTC] PHP   1. {main}() /home/ubuntu/workspace/nowens336/finalproject/api/getTotalLocations.php:0
[09-May-2018 17:46:57 UTC] PHP Warning:  include(dbConnection.php): failed to open stream: No such file or directory in /home/ubuntu/workspace/nowens336/finalproject/api/getTotalLocations.php on line 2
[09-May-2018 17:46:57 UTC] PHP Stack trace:
[09-May-2018 17:46:57 UTC] PHP   1. {main}() /home/ubuntu/workspace/nowens336/finalproject/api/getTotalLocations.php:0
[09-May-2018 17:46:57 UTC] PHP Warning:  include(): Failed opening 'dbConnection.php' for inclusion (include_path='.:/usr/share/php:/usr/share/pear') in /home/ubuntu/workspace/nowens336/finalproject/api/getTotalLocations.php on line 2
[09-May-2018 17:46:57 UTC] PHP Stack trace:
[09-May-2018 17:46:57 UTC] PHP   1. {main}() /home/ubuntu/workspace/nowens336/finalproject/api/getTotalLocations.php:0
[09-May-2018 17:46:57 UTC] PHP Fatal error:  Call to undefined function getDatebaseConnection() in /home/ubuntu/workspace/nowens336/finalproject/api/getTotalLocations.php on line 3
[09-May-2018 17:46:57 UTC] PHP Stack trace:
[09-May-2018 17:46:57 UTC] PHP   1. {main}() /home/ubuntu/workspace/nowens336/finalproject/api/getTotalLocations.php:0
[09-May-2018 17:46:58 UTC] PHP Warning:  include(dbConnection.php): failed to open stream: No such file or directory in /home/ubuntu/workspace/nowens336/finalproject/api/getTotalTrainers.php on line 2
[09-May-2018 17:46:58 UTC] PHP Stack trace:
[09-May-2018 17:46:58 UTC] PHP   1. {main}() /home/ubuntu/workspace/nowens336/finalproject/api/getTotalTrainers.php:0
[09-May-2018 17:46:58 UTC] PHP Warning:  include(): Failed opening 'dbConnection.php' for inclusion (include_path='.:/usr/share/php:/usr/share/pear') in /home/ubuntu/workspace/nowens336/finalproject/api/getTotalTrainers.php on line 2
[09-May-2018 17:46:58 UTC] PHP Stack trace:
[09-May-2018 17:46:58 UTC] PHP   1. {main}() /home/ubuntu/workspace/nowens336/finalproject/api/getTotalTrainers.php:0
[09-May-2018 17:46:58 UTC] PHP Fatal error:  Call to undefined function getDatebaseConnection() in /home/ubuntu/workspace/nowens336/finalproject/api/getTotalTrainers.php on line 3
[09-May-2018 17:46:58 UTC] PHP Stack trace:
[09-May-2018 17:46:58 UTC] PHP   1. {main}() /home/ubuntu/workspace/nowens336/finalproject/api/getTotalTrainers.php:0
[09-May-2018 17:46:59 UTC] PHP Warning:  include(dbConnection.php): failed to open stream: No such file or directory in /home/ubuntu/workspace/nowens336/finalproject/api/getTotalPokemon.php on line 2
[09-May-2018 17:46:59 UTC] PHP Stack trace:
[09-May-2018 17:46:59 UTC] PHP   1. {main}() /home/ubuntu/workspace/nowens336/finalproject/api/getTotalPokemon.php:0
[09-May-2018 17:46:59 UTC] PHP Warning:  include(): Failed opening 'dbConnection.php' for inclusion (include_path='.:/usr/share/php:/usr/share/pear') in /home/ubuntu/workspace/nowens336/finalproject/api/getTotalPokemon.php on line 2
[09-May-2018 17:46:59 UTC] PHP Stack trace:
[09-May-2018 17:46:59 UTC] PHP   1. {main}() /home/ubuntu/workspace/nowens336/finalproject/api/getTotalPokemon.php:0
[09-May-2018 17:46:59 UTC] PHP Fatal error:  Call to undefined function getDatebaseConnection() in /home/ubuntu/workspace/nowens336/finalproject/api/getTotalPokemon.php on line 3
[09-May-2018 17:46:59 UTC] PHP Stack trace:
[09-May-2018 17:46:59 UTC] PHP   1. {main}() /home/ubuntu/workspace/nowens336/finalproject/api/getTotalPokemon.php:0
[09-May-2018 17:51:01 UTC] PHP Warning:  include(dbConnection.php): failed to open stream: No such file or directory in /home/ubuntu/workspace/nowens336/finalproject/api/getTotalLocations.php on line 2
[09-May-2018 17:51:01 UTC] PHP Stack trace:
[09-May-2018 17:51:01 UTC] PHP   1. {main}() /home/ubuntu/workspace/nowens336/finalproject/api/getTotalLocations.php:0
[09-May-2018 17:51:01 UTC] PHP Warning:  include(): Failed opening 'dbConnection.php' for inclusion (include_path='.:/usr/share/php:/usr/share/pear') in /home/ubuntu/workspace/nowens336/finalproject/api/getTotalLocations.php on line 2
[09-May-2018 17:51:01 UTC] PHP Stack trace:
[09-May-2018 17:51:01 UTC] PHP   1. {main}() /home/ubuntu/workspace/nowens336/finalproject/api/getTotalLocations.php:0
[09-May-2018 17:51:01 UTC] PHP Fatal error:  Call to undefined function getDatebaseConnection() in /home/ubuntu/workspace/nowens336/finalproject/api/getTotalLocations.php on line 3
[09-May-2018 17:51:01 UTC] PHP Stack trace:
[09-May-2018 17:51:01 UTC] PHP   1. {main}() /home/ubuntu/workspace/nowens336/finalproject/api/getTotalLocations.php:0
[09-May-2018 17:51:01 UTC] PHP Warning:  include(dbConnection.php): failed to open stream: No such file or directory in /home/ubuntu/workspace/nowens336/finalproject/api/getTotalLocations.php on line 2
[09-May-2018 17:51:01 UTC] PHP Stack trace:
[09-May-2018 17:51:01 UTC] PHP   1. {main}() /home/ubuntu/workspace/nowens336/finalproject/api/getTotalLocations.php:0
[09-May-2018 17:51:01 UTC] PHP Warning:  include(): Failed opening 'dbConnection.php' for inclusion (include_path='.:/usr/share/php:/usr/share/pear') in /home/ubuntu/workspace/nowens336/finalproject/api/getTotalLocations.php on line 2
[09-May-2018 17:51:01 UTC] PHP Stack trace:
[09-May-2018 17:51:01 UTC] PHP   1. {main}() /home/ubuntu/workspace/nowens336/finalproject/api/getTotalLocations.php:0
[09-May-2018 17:51:01 UTC] PHP Fatal error:  Call to undefined function getDatebaseConnection() in /home/ubuntu/workspace/nowens336/finalproject/api/getTotalLocations.php on line 3
[09-May-2018 17:51:01 UTC] PHP Stack trace:
[09-May-2018 17:51:01 UTC] PHP   1. {main}() /home/ubuntu/workspace/nowens336/finalproject/api/getTotalLocations.php:0
[09-May-2018 17:51:01 UTC] PHP Warning:  include(dbConnection.php): failed to open stream: No such file or directory in /home/ubuntu/workspace/nowens336/finalproject/api/getTotalLocations.php on line 2
[09-May-2018 17:51:01 UTC] PHP Stack trace:
[09-May-2018 17:51:01 UTC] PHP   1. {main}() /home/ubuntu/workspace/nowens336/finalproject/api/getTotalLocations.php:0
[09-May-2018 17:51:01 UTC] PHP Warning:  include(): Failed opening 'dbConnection.php' for inclusion (include_path='.:/usr/share/php:/usr/share/pear') in /home/ubuntu/workspace/nowens336/finalproject/api/getTotalLocations.php on line 2
[09-May-2018 17:51:01 UTC] PHP Stack trace:
[09-May-2018 17:51:01 UTC] PHP   1. {main}() /home/ubuntu/workspace/nowens336/finalproject/api/getTotalLocations.php:0
[09-May-2018 17:51:01 UTC] PHP Fatal error:  Call to undefined function getDatebaseConnection() in /home/ubuntu/workspace/nowens336/finalproject/api/getTotalLocations.php on line 3
[09-May-2018 17:51:01 UTC] PHP Stack trace:
[09-May-2018 17:51:01 UTC] PHP   1. {main}() /home/ubuntu/workspace/nowens336/finalproject/api/getTotalLocations.php:0
[09-May-2018 17:51:02 UTC] PHP Warning:  include(dbConnection.php): failed to open stream: No such file or directory in /home/ubuntu/workspace/nowens336/finalproject/api/getTotalTrainers.php on line 2
[09-May-2018 17:51:02 UTC] PHP Stack trace:
[09-May-2018 17:51:02 UTC] PHP   1. {main}() /home/ubuntu/workspace/nowens336/finalproject/api/getTotalTrainers.php:0
[09-May-2018 17:51:02 UTC] PHP Warning:  include(): Failed opening 'dbConnection.php' for inclusion (include_path='.:/usr/share/php:/usr/share/pear') in /home/ubuntu/workspace/nowens336/finalproject/api/getTotalTrainers.php on line 2
[09-May-2018 17:51:02 UTC] PHP Stack trace:
[09-May-2018 17:51:02 UTC] PHP   1. {main}() /home/ubuntu/workspace/nowens336/finalproject/api/getTotalTrainers.php:0
[09-May-2018 17:51:02 UTC] PHP Fatal error:  Call to undefined function getDatebaseConnection() in /home/ubuntu/workspace/nowens336/finalproject/api/getTotalTrainers.php on line 3
[09-May-2018 17:51:02 UTC] PHP Stack trace:
[09-May-2018 17:51:02 UTC] PHP   1. {main}() /home/ubuntu/workspace/nowens336/finalproject/api/getTotalTrainers.php:0
[09-May-2018 17:51:03 UTC] PHP Warning:  include(dbConnection.php): failed to open stream: No such file or directory in /home/ubuntu/workspace/nowens336/finalproject/api/getTotalTrainers.php on line 2
[09-May-2018 17:51:03 UTC] PHP Stack trace:
[09-May-2018 17:51:03 UTC] PHP   1. {main}() /home/ubuntu/workspace/nowens336/finalproject/api/getTotalTrainers.php:0
[09-May-2018 17:51:03 UTC] PHP Warning:  include(): Failed opening 'dbConnection.php' for inclusion (include_path='.:/usr/share/php:/usr/share/pear') in /home/ubuntu/workspace/nowens336/finalproject/api/getTotalTrainers.php on line 2
[09-May-2018 17:51:03 UTC] PHP Stack trace:
[09-May-2018 17:51:03 UTC] PHP   1. {main}() /home/ubuntu/workspace/nowens336/finalproject/api/getTotalTrainers.php:0
[09-May-2018 17:51:03 UTC] PHP Fatal error:  Call to undefined function getDatebaseConnection() in /home/ubuntu/workspace/nowens336/finalproject/api/getTotalTrainers.php on line 3
[09-May-2018 17:51:03 UTC] PHP Stack trace:
[09-May-2018 17:51:03 UTC] PHP   1. {main}() /home/ubuntu/workspace/nowens336/finalproject/api/getTotalTrainers.php:0
[09-May-2018 17:51:03 UTC] PHP Warning:  include(dbConnection.php): failed to open stream: No such file or directory in /home/ubuntu/workspace/nowens336/finalproject/api/getTotalPokemon.php on line 2
[09-May-2018 17:51:03 UTC] PHP Stack trace:
[09-May-2018 17:51:03 UTC] PHP   1. {main}() /home/ubuntu/workspace/nowens336/finalproject/api/getTotalPokemon.php:0
[09-May-2018 17:51:03 UTC] PHP Warning:  include(): Failed opening 'dbConnection.php' for inclusion (include_path='.:/usr/share/php:/usr/share/pear') in /home/ubuntu/workspace/nowens336/finalproject/api/getTotalPokemon.php on line 2
[09-May-2018 17:51:03 UTC] PHP Stack trace:
[09-May-2018 17:51:03 UTC] PHP   1. {main}() /home/ubuntu/workspace/nowens336/finalproject/api/getTotalPokemon.php:0
[09-May-2018 17:51:03 UTC] PHP Fatal error:  Call to undefined function getDatebaseConnection() in /home/ubuntu/workspace/nowens336/finalproject/api/getTotalPokemon.php on line 3
[09-May-2018 17:51:03 UTC] PHP Stack trace:
[09-May-2018 17:51:03 UTC] PHP   1. {main}() /home/ubuntu/workspace/nowens336/finalproject/api/getTotalPokemon.php:0
[09-May-2018 17:51:03 UTC] PHP Warning:  include(dbConnection.php): failed to open stream: No such file or directory in /home/ubuntu/workspace/nowens336/finalproject/api/getTotalPokemon.php on line 2
[09-May-2018 17:51:03 UTC] PHP Stack trace:
[09-May-2018 17:51:03 UTC] PHP   1. {main}() /home/ubuntu/workspace/nowens336/finalproject/api/getTotalPokemon.php:0
[09-May-2018 17:51:03 UTC] PHP Warning:  include(): Failed opening 'dbConnection.php' for inclusion (include_path='.:/usr/share/php:/usr/share/pear') in /home/ubuntu/workspace/nowens336/finalproject/api/getTotalPokemon.php on line 2
[09-May-2018 17:51:03 UTC] PHP Stack trace:
[09-May-2018 17:51:03 UTC] PHP   1. {main}() /home/ubuntu/workspace/nowens336/finalproject/api/getTotalPokemon.php:0
[09-May-2018 17:51:03 UTC] PHP Fatal error:  Call to undefined function getDatebaseConnection() in /home/ubuntu/workspace/nowens336/finalproject/api/getTotalPokemon.php on line 3
[09-May-2018 17:51:03 UTC] PHP Stack trace:
[09-May-2018 17:51:03 UTC] PHP   1. {main}() /home/ubuntu/workspace/nowens336/finalproject/api/getTotalPokemon.php:0
[09-May-2018 17:51:03 UTC] PHP Warning:  include(dbConnection.php): failed to open stream: No such file or directory in /home/ubuntu/workspace/nowens336/finalproject/api/getTotalPokemon.php on line 2
[09-May-2018 17:51:03 UTC] PHP Stack trace:
[09-May-2018 17:51:03 UTC] PHP   1. {main}() /home/ubuntu/workspace/nowens336/finalproject/api/getTotalPokemon.php:0
[09-May-2018 17:51:03 UTC] PHP Warning:  include(): Failed opening 'dbConnection.php' for inclusion (include_path='.:/usr/share/php:/usr/share/pear') in /home/ubuntu/workspace/nowens336/finalproject/api/getTotalPokemon.php on line 2
[09-May-2018 17:51:03 UTC] PHP Stack trace:
[09-May-2018 17:51:03 UTC] PHP   1. {main}() /home/ubuntu/workspace/nowens336/finalproject/api/getTotalPokemon.php:0
[09-May-2018 17:51:03 UTC] PHP Fatal error:  Call to undefined function getDatebaseConnection() in /home/ubuntu/workspace/nowens336/finalproject/api/getTotalPokemon.php on line 3
[09-May-2018 17:51:03 UTC] PHP Stack trace:
[09-May-2018 17:51:03 UTC] PHP   1. {main}() /home/ubuntu/workspace/nowens336/finalproject/api/getTotalPokemon.php:0
[09-May-2018 17:53:07 UTC] PHP Warning:  include(dbConnection.php): failed to open stream: No such file or directory in /home/ubuntu/workspace/nowens336/finalproject/api/getTotalLocations.php on line 2
[09-May-2018 17:53:07 UTC] PHP Stack trace:
[09-May-2018 17:53:07 UTC] PHP   1. {main}() /home/ubuntu/workspace/nowens336/finalproject/api/getTotalLocations.php:0
[09-May-2018 17:53:07 UTC] PHP Warning:  include(): Failed opening 'dbConnection.php' for inclusion (include_path='.:/usr/share/php:/usr/share/pear') in /home/ubuntu/workspace/nowens336/finalproject/api/getTotalLocations.php on line 2
[09-May-2018 17:53:07 UTC] PHP Stack trace:
[09-May-2018 17:53:07 UTC] PHP   1. {main}() /home/ubuntu/workspace/nowens336/finalproject/api/getTotalLocations.php:0
[09-May-2018 17:53:07 UTC] PHP Fatal error:  Call to undefined function getDatebaseConnection() in /home/ubuntu/workspace/nowens336/finalproject/api/getTotalLocations.php on line 3
[09-May-2018 17:53:07 UTC] PHP Stack trace:
[09-May-2018 17:53:07 UTC] PHP   1. {main}() /home/ubuntu/workspace/nowens336/finalproject/api/getTotalLocations.php:0
[09-May-2018 17:53:07 UTC] PHP Warning:  include(dbConnection.php): failed to open stream: No such file or directory in /home/ubuntu/workspace/nowens336/finalproject/api/getTotalLocations.php on line 2
[09-May-2018 17:53:07 UTC] PHP Stack trace:
[09-May-2018 17:53:07 UTC] PHP   1. {main}() /home/ubuntu/workspace/nowens336/finalproject/api/getTotalLocations.php:0
[09-May-2018 17:53:07 UTC] PHP Warning:  include(): Failed opening 'dbConnection.php' for inclusion (include_path='.:/usr/share/php:/usr/share/pear') in /home/ubuntu/workspace/nowens336/finalproject/api/getTotalLocations.php on line 2
[09-May-2018 17:53:07 UTC] PHP Stack trace:
[09-May-2018 17:53:07 UTC] PHP   1. {main}() /home/ubuntu/workspace/nowens336/finalproject/api/getTotalLocations.php:0
[09-May-2018 17:53:07 UTC] PHP Fatal error:  Call to undefined function getDatebaseConnection() in /home/ubuntu/workspace/nowens336/finalproject/api/getTotalLocations.php on line 3
[09-May-2018 17:53:07 UTC] PHP Stack trace:
[09-May-2018 17:53:07 UTC] PHP   1. {main}() /home/ubuntu/workspace/nowens336/finalproject/api/getTotalLocations.php:0
[09-May-2018 17:53:08 UTC] PHP Warning:  include(dbConnection.php): failed to open stream: No such file or directory in /home/ubuntu/workspace/nowens336/finalproject/api/getTotalLocations.php on line 2
[09-May-2018 17:53:08 UTC] PHP Stack trace:
[09-May-2018 17:53:08 UTC] PHP   1. {main}() /home/ubuntu/workspace/nowens336/finalproject/api/getTotalLocations.php:0
[09-May-2018 17:53:08 UTC] PHP Warning:  include(): Failed opening 'dbConnection.php' for inclusion (include_path='.:/usr/share/php:/usr/share/pear') in /home/ubuntu/workspace/nowens336/finalproject/api/getTotalLocations.php on line 2
[09-May-2018 17:53:08 UTC] PHP Stack trace:
[09-May-2018 17:53:08 UTC] PHP   1. {main}() /home/ubuntu/workspace/nowens336/finalproject/api/getTotalLocations.php:0
[09-May-2018 17:53:08 UTC] PHP Fatal error:  Call to undefined function getDatebaseConnection() in /home/ubuntu/workspace/nowens336/finalproject/api/getTotalLocations.php on line 3
[09-May-2018 17:53:08 UTC] PHP Stack trace:
[09-May-2018 17:53:08 UTC] PHP   1. {main}() /home/ubuntu/workspace/nowens336/finalproject/api/getTotalLocations.php:0
[09-May-2018 17:53:08 UTC] PHP Warning:  include(dbConnection.php): failed to open stream: No such file or directory in /home/ubuntu/workspace/nowens336/finalproject/api/getTotalLocations.php on line 2
[09-May-2018 17:53:08 UTC] PHP Stack trace:
[09-May-2018 17:53:08 UTC] PHP   1. {main}() /home/ubuntu/workspace/nowens336/finalproject/api/getTotalLocations.php:0
[09-May-2018 17:53:08 UTC] PHP Warning:  include(): Failed opening 'dbConnection.php' for inclusion (include_path='.:/usr/share/php:/usr/share/pear') in /home/ubuntu/workspace/nowens336/finalproject/api/getTotalLocations.php on line 2
[09-May-2018 17:53:08 UTC] PHP Stack trace:
[09-May-2018 17:53:08 UTC] PHP   1. {main}() /home/ubuntu/workspace/nowens336/finalproject/api/getTotalLocations.php:0
[09-May-2018 17:53:08 UTC] PHP Fatal error:  Call to undefined function getDatebaseConnection() in /home/ubuntu/workspace/nowens336/finalproject/api/getTotalLocations.php on line 3
[09-May-2018 17:53:08 UTC] PHP Stack trace:
[09-May-2018 17:53:08 UTC] PHP   1. {main}() /home/ubuntu/workspace/nowens336/finalproject/api/getTotalLocations.php:0
[09-May-2018 17:53:08 UTC] PHP Warning:  include(dbConnection.php): failed to open stream: No such file or directory in /home/ubuntu/workspace/nowens336/finalproject/api/getTotalLocations.php on line 2
[09-May-2018 17:53:08 UTC] PHP Stack trace:
[09-May-2018 17:53:08 UTC] PHP   1. {main}() /home/ubuntu/workspace/nowens336/finalproject/api/getTotalLocations.php:0
[09-May-2018 17:53:08 UTC] PHP Warning:  include(): Failed opening 'dbConnection.php' for inclusion (include_path='.:/usr/share/php:/usr/share/pear') in /home/ubuntu/workspace/nowens336/finalproject/api/getTotalLocations.php on line 2
[09-May-2018 17:53:08 UTC] PHP Stack trace:
[09-May-2018 17:53:08 UTC] PHP   1. {main}() /home/ubuntu/workspace/nowens336/finalproject/api/getTotalLocations.php:0
[09-May-2018 17:53:08 UTC] PHP Fatal error:  Call to undefined function getDatebaseConnection() in /home/ubuntu/workspace/nowens336/finalproject/api/getTotalLocations.php on line 3
[09-May-2018 17:53:08 UTC] PHP Stack trace:
[09-May-2018 17:53:08 UTC] PHP   1. {main}() /home/ubuntu/workspace/nowens336/finalproject/api/getTotalLocations.php:0
[09-May-2018 17:53:08 UTC] PHP Warning:  include(dbConnection.php): failed to open stream: No such file or directory in /home/ubuntu/workspace/nowens336/finalproject/api/getTotalLocations.php on line 2
[09-May-2018 17:53:08 UTC] PHP Stack trace:
[09-May-2018 17:53:08 UTC] PHP   1. {main}() /home/ubuntu/workspace/nowens336/finalproject/api/getTotalLocations.php:0
[09-May-2018 17:53:08 UTC] PHP Warning:  include(): Failed opening 'dbConnection.php' for inclusion (include_path='.:/usr/share/php:/usr/share/pear') in /home/ubuntu/workspace/nowens336/finalproject/api/getTotalLocations.php on line 2
[09-May-2018 17:53:08 UTC] PHP Stack trace:
[09-May-2018 17:53:08 UTC] PHP   1. {main}() /home/ubuntu/workspace/nowens336/finalproject/api/getTotalLocations.php:0
[09-May-2018 17:53:08 UTC] PHP Fatal error:  Call to undefined function getDatebaseConnection() in /home/ubuntu/workspace/nowens336/finalproject/api/getTotalLocations.php on line 3
[09-May-2018 17:53:08 UTC] PHP Stack trace:
[09-May-2018 17:53:08 UTC] PHP   1. {main}() /home/ubuntu/workspace/nowens336/finalproject/api/getTotalLocations.php:0
[09-May-2018 17:55:09 UTC] PHP Warning:  include(dbConnection.php): failed to open stream: No such file or directory in /home/ubuntu/workspace/nowens336/finalproject/api/getTotalLocations.php on line 2
[09-May-2018 17:55:09 UTC] PHP Stack trace:
[09-May-2018 17:55:09 UTC] PHP   1. {main}() /home/ubuntu/workspace/nowens336/finalproject/api/getTotalLocations.php:0
[09-May-2018 17:55:09 UTC] PHP Warning:  include(): Failed opening 'dbConnection.php' for inclusion (include_path='.:/usr/share/php:/usr/share/pear') in /home/ubuntu/workspace/nowens336/finalproject/api/getTotalLocations.php on line 2
[09-May-2018 17:55:09 UTC] PHP Stack trace:
[09-May-2018 17:55:09 UTC] PHP   1. {main}() /home/ubuntu/workspace/nowens336/finalproject/api/getTotalLocations.php:0
[09-May-2018 17:55:09 UTC] PHP Fatal error:  Call to undefined function getDatebaseConnection() in /home/ubuntu/workspace/nowens336/finalproject/api/getTotalLocations.php on line 3
[09-May-2018 17:55:09 UTC] PHP Stack trace:
[09-May-2018 17:55:09 UTC] PHP   1. {main}() /home/ubuntu/workspace/nowens336/finalproject/api/getTotalLocations.php:0
[09-May-2018 17:56:02 UTC] PHP Warning:  include(dbConnection.php): failed to open stream: No such file or directory in /home/ubuntu/workspace/nowens336/finalproject/api/getTotalLocations.php on line 2
[09-May-2018 17:56:02 UTC] PHP Stack trace:
[09-May-2018 17:56:02 UTC] PHP   1. {main}() /home/ubuntu/workspace/nowens336/finalproject/api/getTotalLocations.php:0
[09-May-2018 17:56:02 UTC] PHP Warning:  include(): Failed opening 'dbConnection.php' for inclusion (include_path='.:/usr/share/php:/usr/share/pear') in /home/ubuntu/workspace/nowens336/finalproject/api/getTotalLocations.php on line 2
[09-May-2018 17:56:02 UTC] PHP Stack trace:
[09-May-2018 17:56:02 UTC] PHP   1. {main}() /home/ubuntu/workspace/nowens336/finalproject/api/getTotalLocations.php:0
[09-May-2018 17:56:02 UTC] PHP Fatal error:  Call to undefined function getDatebaseConnection() in /home/ubuntu/workspace/nowens336/finalproject/api/getTotalLocations.php on line 3
[09-May-2018 17:56:02 UTC] PHP Stack trace:
[09-May-2018 17:56:02 UTC] PHP   1. {main}() /home/ubuntu/workspace/nowens336/finalproject/api/getTotalLocations.php:0
[09-May-2018 17:57:11 UTC] PHP Warning:  include(dbConnection.php): failed to open stream: No such file or directory in /home/ubuntu/workspace/nowens336/finalproject/api/getTotalLocations.php on line 2
[09-May-2018 17:57:11 UTC] PHP Stack trace:
[09-May-2018 17:57:11 UTC] PHP   1. {main}() /home/ubuntu/workspace/nowens336/finalproject/api/getTotalLocations.php:0
[09-May-2018 17:57:11 UTC] PHP Warning:  include(): Failed opening 'dbConnection.php' for inclusion (include_path='.:/usr/share/php:/usr/share/pear') in /home/ubuntu/workspace/nowens336/finalproject/api/getTotalLocations.php on line 2
[09-May-2018 17:57:11 UTC] PHP Stack trace:
[09-May-2018 17:57:11 UTC] PHP   1. {main}() /home/ubuntu/workspace/nowens336/finalproject/api/getTotalLocations.php:0
[09-May-2018 17:57:11 UTC] PHP Fatal error:  Call to undefined function getDatabaseConnection() in /home/ubuntu/workspace/nowens336/finalproject/api/getTotalLocations.php on line 3
[09-May-2018 17:57:11 UTC] PHP Stack trace:
[09-May-2018 17:57:11 UTC] PHP   1. {main}() /home/ubuntu/workspace/nowens336/finalproject/api/getTotalLocations.php:0
[09-May-2018 17:57:51 UTC] PHP Fatal error:  Call to a member function prepare() on a non-object in /home/ubuntu/workspace/nowens336/finalproject/api/getTotalLocations.php on line 10
[09-May-2018 17:57:51 UTC] PHP Stack trace:
[09-May-2018 17:57:51 UTC] PHP   1. {main}() /home/ubuntu/workspace/nowens336/finalproject/api/getTotalLocations.php:0
